[INFO] Scanning for projects...
[INFO] 
[INFO] ---------------< org.apache.camel:camel-hashicorp-vault >---------------
[INFO] Building Camel :: Hashicorp :: Key Vault 4.0.0-SNAPSHOT
[INFO]   from pom.xml
[INFO] --------------------------------[ jar ]---------------------------------
Downloading from apache.snapshots: https://repository.apache.org/snapshots/org/apache/camel/camel-package-maven-plugin/4.0.0-SNAPSHOT/maven-metadata.xml
Progress (1): 1.2 kB                    Downloaded from apache.snapshots: https://repository.apache.org/snapshots/org/apache/camel/camel-package-maven-plugin/4.0.0-SNAPSHOT/maven-metadata.xml (1.2 kB at 1.6 kB/s)
Downloading from apache.snapshots: https://repository.apache.org/snapshots/org/apache/camel/camel-package-maven-plugin/4.0.0-SNAPSHOT/camel-package-maven-plugin-4.0.0-20230620.151904-157.pom
Progress (1): 7.3 kB                    Downloaded from apache.snapshots: https://repository.apache.org/snapshots/org/apache/camel/camel-package-maven-plugin/4.0.0-SNAPSHOT/camel-package-maven-plugin-4.0.0-20230620.151904-157.pom (7.3 kB at 61 kB/s)
Downloading from apache.snapshots: https://repository.apache.org/snapshots/org/apache/camel/maven-plugins/4.0.0-SNAPSHOT/maven-metadata.xml
Progress (1): 610 B                   Downloaded from apache.snapshots: https://repository.apache.org/snapshots/org/apache/camel/maven-plugins/4.0.0-SNAPSHOT/maven-metadata.xml (610 B at 2.7 kB/s)
Downloading from apache.snapshots: https://repository.apache.org/snapshots/org/apache/camel/maven-plugins/4.0.0-SNAPSHOT/maven-plugins-4.0.0-20230620.151904-157.pom
Progress (1): 2.5 kB                    Downloaded from apache.snapshots: https://repository.apache.org/snapshots/org/apache/camel/maven-plugins/4.0.0-SNAPSHOT/maven-plugins-4.0.0-20230620.151904-157.pom (2.5 kB at 22 kB/s)
Downloading from apache.snapshots: https://repository.apache.org/snapshots/org/apache/camel/tooling-parent/4.0.0-SNAPSHOT/maven-metadata.xml
Progress (1): 611 B                   Downloaded from apache.snapshots: https://repository.apache.org/snapshots/org/apache/camel/tooling-parent/4.0.0-SNAPSHOT/maven-metadata.xml (611 B at 2.7 kB/s)
Downloading from apache.snapshots: https://repository.apache.org/snapshots/org/apache/camel/tooling-parent/4.0.0-SNAPSHOT/tooling-parent-4.0.0-20230620.151904-157.pom
Progress (1): 7.8/7.9 kBProgress (1): 7.9 kB                        Downloaded from apache.snapshots: https://repository.apache.org/snapshots/org/apache/camel/tooling-parent/4.0.0-SNAPSHOT/tooling-parent-4.0.0-20230620.151904-157.pom (7.9 kB at 68 kB/s)
Downloading from apache.snapshots: https://repository.apache.org/snapshots/org/apache/camel/tooling/4.0.0-SNAPSHOT/maven-metadata.xml
Progress (1): 604 B                   Downloaded from apache.snapshots: https://repository.apache.org/snapshots/org/apache/camel/tooling/4.0.0-SNAPSHOT/maven-metadata.xml (604 B at 2.7 kB/s)
Downloading from apache.snapshots: https://repository.apache.org/snapshots/org/apache/camel/tooling/4.0.0-SNAPSHOT/tooling-4.0.0-20230620.151904-157.pom
Progress (1): 1.7 kB                    Downloaded from apache.snapshots: https://repository.apache.org/snapshots/org/apache/camel/tooling/4.0.0-SNAPSHOT/tooling-4.0.0-20230620.151904-157.pom (1.7 kB at 15 kB/s)
Downloading from apache.snapshots: https://repository.apache.org/snapshots/org/apache/camel/camel-package-maven-plugin/4.0.0-SNAPSHOT/camel-package-maven-plugin-4.0.0-20230620.151904-157.jar
Progress (1): 7.8/407 kBProgress (1): 8.2/407 kBProgress (1): 16/407 kB Progress (1): 24/407 kBProgress (1): 25/407 kBProgress (1): 33/407 kBProgress (1): 40/407 kBProgress (1): 41/407 kBProgress (1): 49/407 kBProgress (1): 56/407 kBProgress (1): 57/407 kBProgress (1): 66/407 kBProgress (1): 72/407 kBProgress (1): 74/407 kBProgress (1): 82/407 kBProgress (1): 88/407 kBProgress (1): 90/407 kBProgress (1): 98/407 kBProgress (1): 104/407 kBProgress (1): 106/407 kBProgress (1): 115/407 kBProgress (1): 120/407 kBProgress (1): 123/407 kBProgress (1): 131/407 kBProgress (1): 136/407 kBProgress (1): 139/407 kBProgress (1): 147/407 kBProgress (1): 152/407 kBProgress (1): 156/407 kBProgress (1): 164/407 kBProgress (1): 168/407 kBProgress (1): 172/407 kBProgress (1): 180/407 kBProgress (1): 184/407 kBProgress (1): 188/407 kBProgress (1): 197/407 kBProgress (1): 200/407 kBProgress (1): 205/407 kBProgress (1): 213/407 kBProgress (1): 216/407 kBProgress (1): 221/407 kBProgress (1): 229/407 kBProgress (1): 232/407 kBProgress (1): 238/407 kBProgress (1): 246/407 kBProgress (1): 248/407 kBProgress (1): 254/407 kBProgress (1): 262/407 kBProgress (1): 264/407 kBProgress (1): 270/407 kBProgress (1): 279/407 kBProgress (1): 280/407 kBProgress (1): 287/407 kBProgress (1): 295/407 kBProgress (1): 296/407 kBProgress (1): 303/407 kBProgress (1): 311/407 kBProgress (1): 312/407 kBProgress (1): 319/407 kBProgress (1): 328/407 kBProgress (1): 336/407 kBProgress (1): 336/407 kBProgress (1): 344/407 kBProgress (1): 352/407 kBProgress (1): 352/407 kBProgress (1): 360/407 kBProgress (1): 368/407 kBProgress (1): 369/407 kBProgress (1): 377/407 kBProgress (1): 384/407 kBProgress (1): 385/407 kBProgress (1): 393/407 kBProgress (1): 400/407 kBProgress (1): 401/407 kBProgress (1): 407 kB                        Downloaded from apache.snapshots: https://repository.apache.org/snapshots/org/apache/camel/camel-package-maven-plugin/4.0.0-SNAPSHOT/camel-package-maven-plugin-4.0.0-20230620.151904-157.jar (407 kB at 713 kB/s)
Downloading from apache.snapshots: https://repository.apache.org/snapshots/org/apache/camel/camel-support/4.0.0-SNAPSHOT/maven-metadata.xml
Progress (1): 1.2 kB                    Downloaded from apache.snapshots: https://repository.apache.org/snapshots/org/apache/camel/camel-support/4.0.0-SNAPSHOT/maven-metadata.xml (1.2 kB at 5.4 kB/s)
Downloading from apache.snapshots: https://repository.apache.org/snapshots/org/apache/camel/camel-support/4.0.0-SNAPSHOT/camel-support-4.0.0-20230620.151904-156.pom
Progress (1): 2.9 kB                    Downloaded from apache.snapshots: https://repository.apache.org/snapshots/org/apache/camel/camel-support/4.0.0-SNAPSHOT/camel-support-4.0.0-20230620.151904-156.pom (2.9 kB at 26 kB/s)
Downloading from apache.snapshots: https://repository.apache.org/snapshots/org/apache/camel/core/4.0.0-SNAPSHOT/maven-metadata.xml
Progress (1): 601 B                   Downloaded from apache.snapshots: https://repository.apache.org/snapshots/org/apache/camel/core/4.0.0-SNAPSHOT/maven-metadata.xml (601 B at 2.7 kB/s)
Downloading from apache.snapshots: https://repository.apache.org/snapshots/org/apache/camel/core/4.0.0-SNAPSHOT/core-4.0.0-20230620.151904-157.pom
Progress (1): 3.9 kB                    Downloaded from apache.snapshots: https://repository.apache.org/snapshots/org/apache/camel/core/4.0.0-SNAPSHOT/core-4.0.0-20230620.151904-157.pom (3.9 kB at 35 kB/s)
Downloading from apache.snapshots: https://repository.apache.org/snapshots/org/apache/camel/camel-api/4.0.0-SNAPSHOT/maven-metadata.xml
Progress (1): 1.2 kB                    Downloaded from apache.snapshots: https://repository.apache.org/snapshots/org/apache/camel/camel-api/4.0.0-SNAPSHOT/maven-metadata.xml (1.2 kB at 5.4 kB/s)
Downloading from apache.snapshots: https://repository.apache.org/snapshots/org/apache/camel/camel-api/4.0.0-SNAPSHOT/camel-api-4.0.0-20230620.151904-156.pom
Progress (1): 3.0 kB                    Downloaded from apache.snapshots: https://repository.apache.org/snapshots/org/apache/camel/camel-api/4.0.0-SNAPSHOT/camel-api-4.0.0-20230620.151904-156.pom (3.0 kB at 27 kB/s)
Downloading from apache.snapshots: https://repository.apache.org/snapshots/org/apache/camel/camel-util/4.0.0-SNAPSHOT/maven-metadata.xml
Progress (1): 1.2 kB                    Downloaded from apache.snapshots: https://repository.apache.org/snapshots/org/apache/camel/camel-util/4.0.0-SNAPSHOT/maven-metadata.xml (1.2 kB at 5.4 kB/s)
Downloading from apache.snapshots: https://repository.apache.org/snapshots/org/apache/camel/camel-util/4.0.0-SNAPSHOT/camel-util-4.0.0-20230620.151904-156.pom
Progress (1): 2.3 kB                    Downloaded from apache.snapshots: https://repository.apache.org/snapshots/org/apache/camel/camel-util/4.0.0-SNAPSHOT/camel-util-4.0.0-20230620.151904-156.pom (2.3 kB at 21 kB/s)
Downloading from apache.snapshots: https://repository.apache.org/snapshots/org/apache/camel/camel-management-api/4.0.0-SNAPSHOT/maven-metadata.xml
Progress (1): 1.2 kB                    Downloaded from apache.snapshots: https://repository.apache.org/snapshots/org/apache/camel/camel-management-api/4.0.0-SNAPSHOT/maven-metadata.xml (1.2 kB at 5.5 kB/s)
Downloading from apache.snapshots: https://repository.apache.org/snapshots/org/apache/camel/camel-management-api/4.0.0-SNAPSHOT/camel-management-api-4.0.0-20230620.151904-156.pom
Progress (1): 2.3 kB                    Downloaded from apache.snapshots: https://repository.apache.org/snapshots/org/apache/camel/camel-management-api/4.0.0-SNAPSHOT/camel-management-api-4.0.0-20230620.151904-156.pom (2.3 kB at 21 kB/s)
Downloading from apache.snapshots: https://repository.apache.org/snapshots/org/apache/camel/camel-util-json/4.0.0-SNAPSHOT/maven-metadata.xml
Progress (1): 1.2 kB                    Downloaded from apache.snapshots: https://repository.apache.org/snapshots/org/apache/camel/camel-util-json/4.0.0-SNAPSHOT/maven-metadata.xml (1.2 kB at 5.5 kB/s)
Downloading from apache.snapshots: https://repository.apache.org/snapshots/org/apache/camel/camel-util-json/4.0.0-SNAPSHOT/camel-util-json-4.0.0-20230620.151904-157.pom
Progress (1): 1.7 kB                    Downloaded from apache.snapshots: https://repository.apache.org/snapshots/org/apache/camel/camel-util-json/4.0.0-SNAPSHOT/camel-util-json-4.0.0-20230620.151904-157.pom (1.7 kB at 15 kB/s)
Downloading from apache.snapshots: https://repository.apache.org/snapshots/org/apache/camel/camel-xml-jaxp-util/4.0.0-SNAPSHOT/maven-metadata.xml
Progress (1): 1.2 kB                    Downloaded from apache.snapshots: https://repository.apache.org/snapshots/org/apache/camel/camel-xml-jaxp-util/4.0.0-SNAPSHOT/maven-metadata.xml (1.2 kB at 5.2 kB/s)
Downloading from apache.snapshots: https://repository.apache.org/snapshots/org/apache/camel/camel-xml-jaxp-util/4.0.0-SNAPSHOT/camel-xml-jaxp-util-4.0.0-20230620.151904-5.pom
Progress (1): 1.7 kB                    Downloaded from apache.snapshots: https://repository.apache.org/snapshots/org/apache/camel/camel-xml-jaxp-util/4.0.0-SNAPSHOT/camel-xml-jaxp-util-4.0.0-20230620.151904-5.pom (1.7 kB at 16 kB/s)
Downloading from apache.snapshots: https://repository.apache.org/snapshots/org/apache/camel/camel-test-junit5/4.0.0-SNAPSHOT/maven-metadata.xml
Progress (1): 1.2 kB                    Downloaded from apache.snapshots: https://repository.apache.org/snapshots/org/apache/camel/camel-test-junit5/4.0.0-SNAPSHOT/maven-metadata.xml (1.2 kB at 5.5 kB/s)
Downloading from apache.snapshots: https://repository.apache.org/snapshots/org/apache/camel/camel-test-junit5/4.0.0-SNAPSHOT/camel-test-junit5-4.0.0-20230620.151904-151.pom
Progress (1): 6.6 kB                    Downloaded from apache.snapshots: https://repository.apache.org/snapshots/org/apache/camel/camel-test-junit5/4.0.0-SNAPSHOT/camel-test-junit5-4.0.0-20230620.151904-151.pom (6.6 kB at 60 kB/s)
Downloading from apache.snapshots: https://repository.apache.org/snapshots/org/apache/camel/camel-test-parent/4.0.0-SNAPSHOT/maven-metadata.xml
Progress (1): 614 B                   Downloaded from apache.snapshots: https://repository.apache.org/snapshots/org/apache/camel/camel-test-parent/4.0.0-SNAPSHOT/maven-metadata.xml (614 B at 2.8 kB/s)
Downloading from apache.snapshots: https://repository.apache.org/snapshots/org/apache/camel/camel-test-parent/4.0.0-SNAPSHOT/camel-test-parent-4.0.0-20230620.151904-156.pom
Progress (1): 1.7 kB                    Downloaded from apache.snapshots: https://repository.apache.org/snapshots/org/apache/camel/camel-test-parent/4.0.0-SNAPSHOT/camel-test-parent-4.0.0-20230620.151904-156.pom (1.7 kB at 15 kB/s)
Downloading from apache.snapshots: https://repository.apache.org/snapshots/org/apache/camel/components/4.0.0-SNAPSHOT/maven-metadata.xml
Progress (1): 607 B                   Downloaded from apache.snapshots: https://repository.apache.org/snapshots/org/apache/camel/components/4.0.0-SNAPSHOT/maven-metadata.xml (607 B at 2.8 kB/s)
Downloading from apache.snapshots: https://repository.apache.org/snapshots/org/apache/camel/components/4.0.0-SNAPSHOT/components-4.0.0-20230620.151904-156.pom
Progress (1): 5.1 kB                    Downloaded from apache.snapshots: https://repository.apache.org/snapshots/org/apache/camel/components/4.0.0-SNAPSHOT/components-4.0.0-20230620.151904-156.pom (5.1 kB at 45 kB/s)
Downloading from apache.snapshots: https://repository.apache.org/snapshots/org/apache/camel/camel-core-engine/4.0.0-SNAPSHOT/maven-metadata.xml
Progress (1): 1.2 kB                    Downloaded from apache.snapshots: https://repository.apache.org/snapshots/org/apache/camel/camel-core-engine/4.0.0-SNAPSHOT/maven-metadata.xml (1.2 kB at 5.5 kB/s)
Downloading from apache.snapshots: https://repository.apache.org/snapshots/org/apache/camel/camel-core-engine/4.0.0-SNAPSHOT/camel-core-engine-4.0.0-20230620.151904-156.pom
Progress (1): 5.2 kB                    Downloaded from apache.snapshots: https://repository.apache.org/snapshots/org/apache/camel/camel-core-engine/4.0.0-SNAPSHOT/camel-core-engine-4.0.0-20230620.151904-156.pom (5.2 kB at 47 kB/s)
Downloading from apache.snapshots: https://repository.apache.org/snapshots/org/apache/camel/camel-base-engine/4.0.0-SNAPSHOT/maven-metadata.xml
Progress (1): 1.2 kB                    Downloaded from apache.snapshots: https://repository.apache.org/snapshots/org/apache/camel/camel-base-engine/4.0.0-SNAPSHOT/maven-metadata.xml (1.2 kB at 5.4 kB/s)
Downloading from apache.snapshots: https://repository.apache.org/snapshots/org/apache/camel/camel-base-engine/4.0.0-SNAPSHOT/camel-base-engine-4.0.0-20230620.151904-156.pom
Progress (1): 2.1 kB                    Downloaded from apache.snapshots: https://repository.apache.org/snapshots/org/apache/camel/camel-base-engine/4.0.0-SNAPSHOT/camel-base-engine-4.0.0-20230620.151904-156.pom (2.1 kB at 19 kB/s)
Downloading from apache.snapshots: https://repository.apache.org/snapshots/org/apache/camel/camel-base/4.0.0-SNAPSHOT/maven-metadata.xml
Progress (1): 1.2 kB                    Downloaded from apache.snapshots: https://repository.apache.org/snapshots/org/apache/camel/camel-base/4.0.0-SNAPSHOT/maven-metadata.xml (1.2 kB at 5.5 kB/s)
Downloading from apache.snapshots: https://repository.apache.org/snapshots/org/apache/camel/camel-base/4.0.0-SNAPSHOT/camel-base-4.0.0-20230620.151904-156.pom
Progress (1): 2.7 kB                    Downloaded from apache.snapshots: https://repository.apache.org/snapshots/org/apache/camel/camel-base/4.0.0-SNAPSHOT/camel-base-4.0.0-20230620.151904-156.pom (2.7 kB at 25 kB/s)
Downloading from apache.snapshots: https://repository.apache.org/snapshots/org/apache/camel/camel-core-reifier/4.0.0-SNAPSHOT/maven-metadata.xml
Progress (1): 1.2 kB                    Downloaded from apache.snapshots: https://repository.apache.org/snapshots/org/apache/camel/camel-core-reifier/4.0.0-SNAPSHOT/maven-metadata.xml (1.2 kB at 5.5 kB/s)
Downloading from apache.snapshots: https://repository.apache.org/snapshots/org/apache/camel/camel-core-reifier/4.0.0-SNAPSHOT/camel-core-reifier-4.0.0-20230620.151904-156.pom
Progress (1): 3.1 kB                    Downloaded from apache.snapshots: https://repository.apache.org/snapshots/org/apache/camel/camel-core-reifier/4.0.0-SNAPSHOT/camel-core-reifier-4.0.0-20230620.151904-156.pom (3.1 kB at 28 kB/s)
Downloading from apache.snapshots: https://repository.apache.org/snapshots/org/apache/camel/camel-core-model/4.0.0-SNAPSHOT/maven-metadata.xml
Progress (1): 1.2 kB                    Downloaded from apache.snapshots: https://repository.apache.org/snapshots/org/apache/camel/camel-core-model/4.0.0-SNAPSHOT/maven-metadata.xml (1.2 kB at 5.5 kB/s)
Downloading from apache.snapshots: https://repository.apache.org/snapshots/org/apache/camel/camel-core-model/4.0.0-SNAPSHOT/camel-core-model-4.0.0-20230620.151904-156.pom
Progress (1): 3.3 kB                    Downloaded from apache.snapshots: https://repository.apache.org/snapshots/org/apache/camel/camel-core-model/4.0.0-SNAPSHOT/camel-core-model-4.0.0-20230620.151904-156.pom (3.3 kB at 30 kB/s)
Downloading from apache.snapshots: https://repository.apache.org/snapshots/org/apache/camel/camel-core-processor/4.0.0-SNAPSHOT/maven-metadata.xml
Progress (1): 1.2 kB                    Downloaded from apache.snapshots: https://repository.apache.org/snapshots/org/apache/camel/camel-core-processor/4.0.0-SNAPSHOT/maven-metadata.xml (1.2 kB at 5.6 kB/s)
Downloading from apache.snapshots: https://repository.apache.org/snapshots/org/apache/camel/camel-core-processor/4.0.0-SNAPSHOT/camel-core-processor-4.0.0-20230620.151904-156.pom
Progress (1): 2.5 kB                    Downloaded from apache.snapshots: https://repository.apache.org/snapshots/org/apache/camel/camel-core-processor/4.0.0-SNAPSHOT/camel-core-processor-4.0.0-20230620.151904-156.pom (2.5 kB at 23 kB/s)
Downloading from apache.snapshots: https://repository.apache.org/snapshots/org/apache/camel/camel-core-languages/4.0.0-SNAPSHOT/maven-metadata.xml
Progress (1): 1.2 kB                    Downloaded from apache.snapshots: https://repository.apache.org/snapshots/org/apache/camel/camel-core-languages/4.0.0-SNAPSHOT/maven-metadata.xml (1.2 kB at 5.5 kB/s)
Downloading from apache.snapshots: https://repository.apache.org/snapshots/org/apache/camel/camel-core-languages/4.0.0-SNAPSHOT/camel-core-languages-4.0.0-20230620.151904-156.pom
Progress (1): 2.6 kB                    Downloaded from apache.snapshots: https://repository.apache.org/snapshots/org/apache/camel/camel-core-languages/4.0.0-SNAPSHOT/camel-core-languages-4.0.0-20230620.151904-156.pom (2.6 kB at 22 kB/s)
Downloading from apache.snapshots: https://repository.apache.org/snapshots/org/apache/camel/camel-bean/4.0.0-SNAPSHOT/maven-metadata.xml
Progress (1): 1.2 kB                    Downloaded from apache.snapshots: https://repository.apache.org/snapshots/org/apache/camel/camel-bean/4.0.0-SNAPSHOT/maven-metadata.xml (1.2 kB at 5.3 kB/s)
Downloading from apache.snapshots: https://repository.apache.org/snapshots/org/apache/camel/camel-bean/4.0.0-SNAPSHOT/camel-bean-4.0.0-20230620.151904-156.pom
Progress (1): 1.9 kB                    Downloaded from apache.snapshots: https://repository.apache.org/snapshots/org/apache/camel/camel-bean/4.0.0-SNAPSHOT/camel-bean-4.0.0-20230620.151904-156.pom (1.9 kB at 17 kB/s)
Downloading from apache.snapshots: https://repository.apache.org/snapshots/org/apache/camel/camel-browse/4.0.0-SNAPSHOT/maven-metadata.xml
Progress (1): 1.2 kB                    Downloaded from apache.snapshots: https://repository.apache.org/snapshots/org/apache/camel/camel-browse/4.0.0-SNAPSHOT/maven-metadata.xml (1.2 kB at 5.5 kB/s)
Downloading from apache.snapshots: https://repository.apache.org/snapshots/org/apache/camel/camel-browse/4.0.0-SNAPSHOT/camel-browse-4.0.0-20230620.151904-156.pom
Progress (1): 1.9 kB                    Downloaded from apache.snapshots: https://repository.apache.org/snapshots/org/apache/camel/camel-browse/4.0.0-SNAPSHOT/camel-browse-4.0.0-20230620.151904-156.pom (1.9 kB at 17 kB/s)
Downloading from apache.snapshots: https://repository.apache.org/snapshots/org/apache/camel/camel-controlbus/4.0.0-SNAPSHOT/maven-metadata.xml
Progress (1): 1.2 kB                    Downloaded from apache.snapshots: https://repository.apache.org/snapshots/org/apache/camel/camel-controlbus/4.0.0-SNAPSHOT/maven-metadata.xml (1.2 kB at 5.5 kB/s)
Downloading from apache.snapshots: https://repository.apache.org/snapshots/org/apache/camel/camel-controlbus/4.0.0-SNAPSHOT/camel-controlbus-4.0.0-20230620.151904-156.pom
Progress (1): 1.9 kB                    Downloaded from apache.snapshots: https://repository.apache.org/snapshots/org/apache/camel/camel-controlbus/4.0.0-SNAPSHOT/camel-controlbus-4.0.0-20230620.151904-156.pom (1.9 kB at 17 kB/s)
Downloading from apache.snapshots: https://repository.apache.org/snapshots/org/apache/camel/camel-dataformat/4.0.0-SNAPSHOT/maven-metadata.xml
Progress (1): 1.2 kB                    Downloaded from apache.snapshots: https://repository.apache.org/snapshots/org/apache/camel/camel-dataformat/4.0.0-SNAPSHOT/maven-metadata.xml (1.2 kB at 5.6 kB/s)
Downloading from apache.snapshots: https://repository.apache.org/snapshots/org/apache/camel/camel-dataformat/4.0.0-SNAPSHOT/camel-dataformat-4.0.0-20230620.151904-156.pom
Progress (1): 1.9 kB                    Downloaded from apache.snapshots: https://repository.apache.org/snapshots/org/apache/camel/camel-dataformat/4.0.0-SNAPSHOT/camel-dataformat-4.0.0-20230620.151904-156.pom (1.9 kB at 17 kB/s)
Downloading from apache.snapshots: https://repository.apache.org/snapshots/org/apache/camel/camel-dataset/4.0.0-SNAPSHOT/maven-metadata.xml
Progress (1): 1.2 kB                    Downloaded from apache.snapshots: https://repository.apache.org/snapshots/org/apache/camel/camel-dataset/4.0.0-SNAPSHOT/maven-metadata.xml (1.2 kB at 5.5 kB/s)
Downloading from apache.snapshots: https://repository.apache.org/snapshots/org/apache/camel/camel-dataset/4.0.0-SNAPSHOT/camel-dataset-4.0.0-20230620.151904-154.pom
Progress (1): 1.9 kB                    Downloaded from apache.snapshots: https://repository.apache.org/snapshots/org/apache/camel/camel-dataset/4.0.0-SNAPSHOT/camel-dataset-4.0.0-20230620.151904-154.pom (1.9 kB at 17 kB/s)
Downloading from apache.snapshots: https://repository.apache.org/snapshots/org/apache/camel/camel-mock/4.0.0-SNAPSHOT/maven-metadata.xml
Progress (1): 1.2 kB                    Downloaded from apache.snapshots: https://repository.apache.org/snapshots/org/apache/camel/camel-mock/4.0.0-SNAPSHOT/maven-metadata.xml (1.2 kB at 5.4 kB/s)
Downloading from apache.snapshots: https://repository.apache.org/snapshots/org/apache/camel/camel-mock/4.0.0-SNAPSHOT/camel-mock-4.0.0-20230620.151904-156.pom
Progress (1): 1.9 kB                    Downloaded from apache.snapshots: https://repository.apache.org/snapshots/org/apache/camel/camel-mock/4.0.0-SNAPSHOT/camel-mock-4.0.0-20230620.151904-156.pom (1.9 kB at 17 kB/s)
Downloading from apache.snapshots: https://repository.apache.org/snapshots/org/apache/camel/camel-direct/4.0.0-SNAPSHOT/maven-metadata.xml
Progress (1): 1.2 kB                    Downloaded from apache.snapshots: https://repository.apache.org/snapshots/org/apache/camel/camel-direct/4.0.0-SNAPSHOT/maven-metadata.xml (1.2 kB at 5.4 kB/s)
Downloading from apache.snapshots: https://repository.apache.org/snapshots/org/apache/camel/camel-direct/4.0.0-SNAPSHOT/camel-direct-4.0.0-20230620.151904-156.pom
Progress (1): 1.9 kB                    Downloaded from apache.snapshots: https://repository.apache.org/snapshots/org/apache/camel/camel-direct/4.0.0-SNAPSHOT/camel-direct-4.0.0-20230620.151904-156.pom (1.9 kB at 17 kB/s)
Downloading from apache.snapshots: https://repository.apache.org/snapshots/org/apache/camel/camel-file/4.0.0-SNAPSHOT/maven-metadata.xml
Progress (1): 1.2 kB                    Downloaded from apache.snapshots: https://repository.apache.org/snapshots/org/apache/camel/camel-file/4.0.0-SNAPSHOT/maven-metadata.xml (1.2 kB at 5.5 kB/s)
Downloading from apache.snapshots: https://repository.apache.org/snapshots/org/apache/camel/camel-file/4.0.0-SNAPSHOT/camel-file-4.0.0-20230620.151904-156.pom
Progress (1): 2.1 kB                    Downloaded from apache.snapshots: https://repository.apache.org/snapshots/org/apache/camel/camel-file/4.0.0-SNAPSHOT/camel-file-4.0.0-20230620.151904-156.pom (2.1 kB at 19 kB/s)
Downloading from apache.snapshots: https://repository.apache.org/snapshots/org/apache/camel/camel-cluster/4.0.0-SNAPSHOT/maven-metadata.xml
Progress (1): 1.2 kB                    Downloaded from apache.snapshots: https://repository.apache.org/snapshots/org/apache/camel/camel-cluster/4.0.0-SNAPSHOT/maven-metadata.xml (1.2 kB at 5.5 kB/s)
Downloading from apache.snapshots: https://repository.apache.org/snapshots/org/apache/camel/camel-cluster/4.0.0-SNAPSHOT/camel-cluster-4.0.0-20230620.151904-156.pom
Progress (1): 2.4 kB                    Downloaded from apache.snapshots: https://repository.apache.org/snapshots/org/apache/camel/camel-cluster/4.0.0-SNAPSHOT/camel-cluster-4.0.0-20230620.151904-156.pom (2.4 kB at 22 kB/s)
Downloading from apache.snapshots: https://repository.apache.org/snapshots/org/apache/camel/camel-language/4.0.0-SNAPSHOT/maven-metadata.xml
Progress (1): 1.2 kB                    Downloaded from apache.snapshots: https://repository.apache.org/snapshots/org/apache/camel/camel-language/4.0.0-SNAPSHOT/maven-metadata.xml (1.2 kB at 5.4 kB/s)
Downloading from apache.snapshots: https://repository.apache.org/snapshots/org/apache/camel/camel-language/4.0.0-SNAPSHOT/camel-language-4.0.0-20230620.151904-155.pom
Progress (1): 1.9 kB                    Downloaded from apache.snapshots: https://repository.apache.org/snapshots/org/apache/camel/camel-language/4.0.0-SNAPSHOT/camel-language-4.0.0-20230620.151904-155.pom (1.9 kB at 17 kB/s)
Downloading from apache.snapshots: https://repository.apache.org/snapshots/org/apache/camel/camel-log/4.0.0-SNAPSHOT/maven-metadata.xml
Progress (1): 1.2 kB                    Downloaded from apache.snapshots: https://repository.apache.org/snapshots/org/apache/camel/camel-log/4.0.0-SNAPSHOT/maven-metadata.xml (1.2 kB at 5.5 kB/s)
Downloading from apache.snapshots: https://repository.apache.org/snapshots/org/apache/camel/camel-log/4.0.0-SNAPSHOT/camel-log-4.0.0-20230620.151904-156.pom
Progress (1): 1.9 kB                    Downloaded from apache.snapshots: https://repository.apache.org/snapshots/org/apache/camel/camel-log/4.0.0-SNAPSHOT/camel-log-4.0.0-20230620.151904-156.pom (1.9 kB at 17 kB/s)
Downloading from apache.snapshots: https://repository.apache.org/snapshots/org/apache/camel/camel-ref/4.0.0-SNAPSHOT/maven-metadata.xml
Progress (1): 1.2 kB                    Downloaded from apache.snapshots: https://repository.apache.org/snapshots/org/apache/camel/camel-ref/4.0.0-SNAPSHOT/maven-metadata.xml (1.2 kB at 1.6 kB/s)
Downloading from apache.snapshots: https://repository.apache.org/snapshots/org/apache/camel/camel-ref/4.0.0-SNAPSHOT/camel-ref-4.0.0-20230620.151904-156.pom
Progress (1): 1.9 kB                    Downloaded from apache.snapshots: https://repository.apache.org/snapshots/org/apache/camel/camel-ref/4.0.0-SNAPSHOT/camel-ref-4.0.0-20230620.151904-156.pom (1.9 kB at 17 kB/s)
Downloading from apache.snapshots: https://repository.apache.org/snapshots/org/apache/camel/camel-rest/4.0.0-SNAPSHOT/maven-metadata.xml
Progress (1): 1.2 kB                    Downloaded from apache.snapshots: https://repository.apache.org/snapshots/org/apache/camel/camel-rest/4.0.0-SNAPSHOT/maven-metadata.xml (1.2 kB at 2.6 kB/s)
Downloading from apache.snapshots: https://repository.apache.org/snapshots/org/apache/camel/camel-rest/4.0.0-SNAPSHOT/camel-rest-4.0.0-20230620.151904-156.pom
Progress (1): 2.1 kB                    Downloaded from apache.snapshots: https://repository.apache.org/snapshots/org/apache/camel/camel-rest/4.0.0-SNAPSHOT/camel-rest-4.0.0-20230620.151904-156.pom (2.1 kB at 19 kB/s)
Downloading from apache.snapshots: https://repository.apache.org/snapshots/org/apache/camel/camel-tooling-model/4.0.0-SNAPSHOT/maven-metadata.xml
Progress (1): 1.2 kB                    Downloaded from apache.snapshots: https://repository.apache.org/snapshots/org/apache/camel/camel-tooling-model/4.0.0-SNAPSHOT/maven-metadata.xml (1.2 kB at 5.6 kB/s)
Downloading from apache.snapshots: https://repository.apache.org/snapshots/org/apache/camel/camel-tooling-model/4.0.0-SNAPSHOT/camel-tooling-model-4.0.0-20230620.151904-157.pom
Progress (1): 1.9 kB                    Downloaded from apache.snapshots: https://repository.apache.org/snapshots/org/apache/camel/camel-tooling-model/4.0.0-SNAPSHOT/camel-tooling-model-4.0.0-20230620.151904-157.pom (1.9 kB at 17 kB/s)
Downloading from apache.snapshots: https://repository.apache.org/snapshots/org/apache/camel/camel-saga/4.0.0-SNAPSHOT/maven-metadata.xml
Progress (1): 1.2 kB                    Downloaded from apache.snapshots: https://repository.apache.org/snapshots/org/apache/camel/camel-saga/4.0.0-SNAPSHOT/maven-metadata.xml (1.2 kB at 5.4 kB/s)
Downloading from apache.snapshots: https://repository.apache.org/snapshots/org/apache/camel/camel-saga/4.0.0-SNAPSHOT/camel-saga-4.0.0-20230620.151904-155.pom
Progress (1): 1.9 kB                    Downloaded from apache.snapshots: https://repository.apache.org/snapshots/org/apache/camel/camel-saga/4.0.0-SNAPSHOT/camel-saga-4.0.0-20230620.151904-155.pom (1.9 kB at 17 kB/s)
Downloading from apache.snapshots: https://repository.apache.org/snapshots/org/apache/camel/camel-scheduler/4.0.0-SNAPSHOT/maven-metadata.xml
Progress (1): 1.2 kB                    Downloaded from apache.snapshots: https://repository.apache.org/snapshots/org/apache/camel/camel-scheduler/4.0.0-SNAPSHOT/maven-metadata.xml (1.2 kB at 5.6 kB/s)
Downloading from apache.snapshots: https://repository.apache.org/snapshots/org/apache/camel/camel-scheduler/4.0.0-SNAPSHOT/camel-scheduler-4.0.0-20230620.151904-156.pom
Progress (1): 1.9 kB                    Downloaded from apache.snapshots: https://repository.apache.org/snapshots/org/apache/camel/camel-scheduler/4.0.0-SNAPSHOT/camel-scheduler-4.0.0-20230620.151904-156.pom (1.9 kB at 17 kB/s)
Downloading from apache.snapshots: https://repository.apache.org/snapshots/org/apache/camel/camel-seda/4.0.0-SNAPSHOT/maven-metadata.xml
Progress (1): 1.2 kB                    Downloaded from apache.snapshots: https://repository.apache.org/snapshots/org/apache/camel/camel-seda/4.0.0-SNAPSHOT/maven-metadata.xml (1.2 kB at 5.5 kB/s)
Downloading from apache.snapshots: https://repository.apache.org/snapshots/org/apache/camel/camel-seda/4.0.0-SNAPSHOT/camel-seda-4.0.0-20230620.151904-156.pom
Progress (1): 1.9 kB                    Downloaded from apache.snapshots: https://repository.apache.org/snapshots/org/apache/camel/camel-seda/4.0.0-SNAPSHOT/camel-seda-4.0.0-20230620.151904-156.pom (1.9 kB at 17 kB/s)
Downloading from apache.snapshots: https://repository.apache.org/snapshots/org/apache/camel/camel-stub/4.0.0-SNAPSHOT/maven-metadata.xml
Progress (1): 1.2 kB                    Downloaded from apache.snapshots: https://repository.apache.org/snapshots/org/apache/camel/camel-stub/4.0.0-SNAPSHOT/maven-metadata.xml (1.2 kB at 5.5 kB/s)
Downloading from apache.snapshots: https://repository.apache.org/snapshots/org/apache/camel/camel-stub/4.0.0-SNAPSHOT/camel-stub-4.0.0-20230620.151904-156.pom
Progress (1): 1.9 kB                    Downloaded from apache.snapshots: https://repository.apache.org/snapshots/org/apache/camel/camel-stub/4.0.0-SNAPSHOT/camel-stub-4.0.0-20230620.151904-156.pom (1.9 kB at 17 kB/s)
Downloading from apache.snapshots: https://repository.apache.org/snapshots/org/apache/camel/camel-timer/4.0.0-SNAPSHOT/maven-metadata.xml
Progress (1): 1.2 kB                    Downloaded from apache.snapshots: https://repository.apache.org/snapshots/org/apache/camel/camel-timer/4.0.0-SNAPSHOT/maven-metadata.xml (1.2 kB at 5.6 kB/s)
Downloading from apache.snapshots: https://repository.apache.org/snapshots/org/apache/camel/camel-timer/4.0.0-SNAPSHOT/camel-timer-4.0.0-20230620.151904-155.pom
Progress (1): 1.9 kB                    Downloaded from apache.snapshots: https://repository.apache.org/snapshots/org/apache/camel/camel-timer/4.0.0-SNAPSHOT/camel-timer-4.0.0-20230620.151904-155.pom (1.9 kB at 17 kB/s)
Downloading from apache.snapshots: https://repository.apache.org/snapshots/org/apache/camel/camel-validator/4.0.0-SNAPSHOT/maven-metadata.xml
Progress (1): 1.2 kB                    Downloaded from apache.snapshots: https://repository.apache.org/snapshots/org/apache/camel/camel-validator/4.0.0-SNAPSHOT/maven-metadata.xml (1.2 kB at 5.6 kB/s)
Downloading from apache.snapshots: https://repository.apache.org/snapshots/org/apache/camel/camel-validator/4.0.0-SNAPSHOT/camel-validator-4.0.0-20230620.151904-154.pom
Progress (1): 2.1 kB                    Downloaded from apache.snapshots: https://repository.apache.org/snapshots/org/apache/camel/camel-validator/4.0.0-SNAPSHOT/camel-validator-4.0.0-20230620.151904-154.pom (2.1 kB at 19 kB/s)
Downloading from apache.snapshots: https://repository.apache.org/snapshots/org/apache/camel/camel-xml-jaxp/4.0.0-SNAPSHOT/maven-metadata.xml
Progress (1): 1.2 kB                    Downloaded from apache.snapshots: https://repository.apache.org/snapshots/org/apache/camel/camel-xml-jaxp/4.0.0-SNAPSHOT/maven-metadata.xml (1.2 kB at 4.4 kB/s)
Downloading from apache.snapshots: https://repository.apache.org/snapshots/org/apache/camel/camel-xml-jaxp/4.0.0-SNAPSHOT/camel-xml-jaxp-4.0.0-20230620.151904-154.pom
Progress (1): 2.6 kB                    Downloaded from apache.snapshots: https://repository.apache.org/snapshots/org/apache/camel/camel-xml-jaxp/4.0.0-SNAPSHOT/camel-xml-jaxp-4.0.0-20230620.151904-154.pom (2.6 kB at 24 kB/s)
Downloading from apache.snapshots: https://repository.apache.org/snapshots/org/apache/camel/camel-xml-io-util/4.0.0-SNAPSHOT/maven-metadata.xml
Progress (1): 1.2 kB                    Downloaded from apache.snapshots: https://repository.apache.org/snapshots/org/apache/camel/camel-xml-io-util/4.0.0-SNAPSHOT/maven-metadata.xml (1.2 kB at 5.5 kB/s)
Downloading from apache.snapshots: https://repository.apache.org/snapshots/org/apache/camel/camel-xml-io-util/4.0.0-SNAPSHOT/camel-xml-io-util-4.0.0-20230620.151904-156.pom
Progress (1): 1.7 kB                    Downloaded from apache.snapshots: https://repository.apache.org/snapshots/org/apache/camel/camel-xml-io-util/4.0.0-SNAPSHOT/camel-xml-io-util-4.0.0-20230620.151904-156.pom (1.7 kB at 16 kB/s)
Downloading from apache.snapshots: https://repository.apache.org/snapshots/org/apache/camel/camel-xpath/4.0.0-SNAPSHOT/maven-metadata.xml
Progress (1): 1.2 kB                    Downloaded from apache.snapshots: https://repository.apache.org/snapshots/org/apache/camel/camel-xpath/4.0.0-SNAPSHOT/maven-metadata.xml (1.2 kB at 5.5 kB/s)
Downloading from apache.snapshots: https://repository.apache.org/snapshots/org/apache/camel/camel-xpath/4.0.0-SNAPSHOT/camel-xpath-4.0.0-20230620.151904-154.pom
Progress (1): 2.1 kB                    Downloaded from apache.snapshots: https://repository.apache.org/snapshots/org/apache/camel/camel-xpath/4.0.0-SNAPSHOT/camel-xpath-4.0.0-20230620.151904-154.pom (2.1 kB at 19 kB/s)
Downloading from apache.snapshots: https://repository.apache.org/snapshots/org/apache/camel/camel-xslt/4.0.0-SNAPSHOT/maven-metadata.xml
Progress (1): 1.2 kB                    Downloaded from apache.snapshots: https://repository.apache.org/snapshots/org/apache/camel/camel-xslt/4.0.0-SNAPSHOT/maven-metadata.xml (1.2 kB at 5.6 kB/s)
Downloading from apache.snapshots: https://repository.apache.org/snapshots/org/apache/camel/camel-xslt/4.0.0-SNAPSHOT/camel-xslt-4.0.0-20230620.151904-154.pom
Progress (1): 2.1 kB                    Downloaded from apache.snapshots: https://repository.apache.org/snapshots/org/apache/camel/camel-xslt/4.0.0-SNAPSHOT/camel-xslt-4.0.0-20230620.151904-154.pom (2.1 kB at 18 kB/s)
Downloading from apache.snapshots: https://repository.apache.org/snapshots/org/apache/camel/camel-support/4.0.0-SNAPSHOT/camel-support-4.0.0-20230620.151904-156.jar
Progress (1): 7.8/848 kBProgress (1): 8.2/848 kBProgress (1): 16/848 kB Progress (1): 24/848 kBProgress (1): 25/848 kBProgress (1): 33/848 kBProgress (1): 40/848 kBProgress (1): 41/848 kBProgress (1): 49/848 kBProgress (1): 56/848 kBProgress (1): 57/848 kBProgress (1): 66/848 kBProgress (1): 72/848 kBProgress (1): 74/848 kBProgress (1): 82/848 kBProgress (1): 88/848 kBProgress (1): 90/848 kBProgress (1): 98/848 kBProgress (1): 104/848 kBProgress (1): 106/848 kBProgress (1): 115/848 kBProgress (1): 120/848 kBProgress (1): 123/848 kBProgress (1): 131/848 kBProgress (1): 136/848 kBProgress (1): 139/848 kBProgress (1): 147/848 kBProgress (1): 152/848 kBProgress (1): 156/848 kBProgress (1): 164/848 kBProgress (1): 168/848 kBProgress (1): 172/848 kBProgress (1): 180/848 kBProgress (1): 184/848 kBProgress (1): 188/848 kBProgress (1): 197/848 kBProgress (1): 200/848 kBProgress (1): 205/848 kBProgress (1): 213/848 kBProgress (1): 216/848 kBProgress (1): 221/848 kBProgress (1): 229/848 kBProgress (1): 232/848 kBProgress (1): 238/848 kBProgress (1): 246/848 kBProgress (1): 248/848 kBProgress (1): 254/848 kBProgress (1): 262/848 kBProgress (1): 264/848 kBProgress (1): 270/848 kBProgress (1): 279/848 kBProgress (1): 280/848 kBProgress (1): 287/848 kBProgress (1): 295/848 kBProgress (1): 296/848 kBProgress (1): 303/848 kBProgress (1): 311/848 kBProgress (1): 312/848 kBProgress (1): 319/848 kBProgress (1): 328/848 kBProgress (1): 336/848 kBProgress (1): 336/848 kBProgress (1): 344/848 kBProgress (1): 352/848 kBProgress (1): 352/848 kBProgress (1): 360/848 kBProgress (1): 368/848 kBProgress (1): 369/848 kBProgress (1): 377/848 kBProgress (1): 384/848 kBProgress (1): 385/848 kBProgress (1): 393/848 kBProgress (1): 400/848 kBProgress (1): 401/848 kBProgress (1): 410/848 kBProgress (1): 416/848 kBProgress (1): 418/848 kBProgress (1): 426/848 kBProgress (1): 432/848 kBProgress (1): 434/848 kBProgress (1): 442/848 kBProgress (1): 448/848 kBProgress (1): 451/848 kBProgress (1): 459/848 kBProgress (1): 464/848 kBProgress (1): 467/848 kBProgress (1): 475/848 kBProgress (1): 480/848 kBProgress (1): 483/848 kBProgress (1): 492/848 kBProgress (1): 496/848 kBProgress (1): 500/848 kBProgress (1): 508/848 kBProgress (1): 512/848 kBProgress (1): 516/848 kBProgress (1): 524/848 kBProgress (1): 528/848 kBProgress (1): 532/848 kBProgress (1): 541/848 kBProgress (1): 544/848 kBProgress (1): 549/848 kBProgress (1): 557/848 kBProgress (1): 560/848 kBProgress (1): 565/848 kBProgress (1): 573/848 kBProgress (1): 576/848 kBProgress (1): 582/848 kBProgress (1): 590/848 kBProgress (1): 592/848 kBProgress (1): 598/848 kBProgress (1): 606/848 kBProgress (1): 608/848 kBProgress (1): 614/848 kBProgress (1): 623/848 kBProgress (1): 624/848 kBProgress (1): 631/848 kBProgress (1): 639/848 kBProgress (1): 640/848 kBProgress (1): 647/848 kBProgress (1): 655/848 kBProgress (1): 656/848 kBProgress (1): 664/848 kBProgress (1): 672/848 kBProgress (1): 680/848 kBProgress (1): 680/848 kBProgress (1): 688/848 kBProgress (1): 696/848 kBProgress (1): 696/848 kBProgress (1): 705/848 kBProgress (1): 712/848 kBProgress (1): 713/848 kBProgress (1): 721/848 kBProgress (1): 728/848 kBProgress (1): 729/848 kBProgress (1): 737/848 kBProgress (1): 744/848 kBProgress (1): 745/848 kBProgress (1): 754/848 kBProgress (1): 760/848 kBProgress (1): 762/848 kBProgress (1): 770/848 kBProgress (1): 776/848 kBProgress (1): 778/848 kBProgress (1): 786/848 kBProgress (1): 792/848 kBProgress (1): 795/848 kBProgress (1): 803/848 kBProgress (1): 808/848 kBProgress (1): 811/848 kBProgress (1): 819/848 kBProgress (1): 824/848 kBProgress (1): 827/848 kBProgress (1): 836/848 kBProgress (1): 840/848 kBProgress (1): 844/848 kBProgress (1): 848 kB                        Downloaded from apache.snapshots: https://repository.apache.org/snapshots/org/apache/camel/camel-support/4.0.0-SNAPSHOT/camel-support-4.0.0-20230620.151904-156.jar (848 kB at 1.1 MB/s)
Downloading from apache.snapshots: https://repository.apache.org/snapshots/org/apache/camel/camel-api/4.0.0-SNAPSHOT/camel-api-4.0.0-20230620.151904-156.jar
Downloading from apache.snapshots: https://repository.apache.org/snapshots/org/apache/camel/camel-management-api/4.0.0-SNAPSHOT/camel-management-api-4.0.0-20230620.151904-156.jar
Downloading from apache.snapshots: https://repository.apache.org/snapshots/org/apache/camel/camel-util/4.0.0-SNAPSHOT/camel-util-4.0.0-20230620.151904-156.jar
Downloading from apache.snapshots: https://repository.apache.org/snapshots/org/apache/camel/camel-xml-jaxp-util/4.0.0-SNAPSHOT/camel-xml-jaxp-util-4.0.0-20230620.151904-5.jar
Downloading from apache.snapshots: https://repository.apache.org/snapshots/org/apache/camel/camel-util-json/4.0.0-SNAPSHOT/camel-util-json-4.0.0-20230620.151904-157.jar
Progress (1): 7.8/131 kBProgress (1): 8.2/131 kBProgress (1): 16/131 kB Progress (1): 24/131 kBProgress (1): 25/131 kBProgress (1): 33/131 kBProgress (1): 40/131 kBProgress (1): 41/131 kBProgress (1): 49/131 kBProgress (1): 56/131 kBProgress (1): 57/131 kBProgress (1): 66/131 kBProgress (1): 72/131 kBProgress (1): 74/131 kBProgress (1): 82/131 kBProgress (1): 88/131 kBProgress (1): 90/131 kBProgress (1): 98/131 kBProgress (1): 104/131 kBProgress (1): 106/131 kBProgress (1): 115/131 kBProgress (1): 120/131 kBProgress (1): 123/131 kBProgress (1): 131 kB                        Downloaded from apache.snapshots: https://repository.apache.org/snapshots/org/apache/camel/camel-management-api/4.0.0-SNAPSHOT/camel-management-api-4.0.0-20230620.151904-156.jar (131 kB at 1.1 MB/s)
Downloading from apache.snapshots: https://repository.apache.org/snapshots/org/apache/camel/camel-test-junit5/4.0.0-SNAPSHOT/camel-test-junit5-4.0.0-20230620.151904-151.jar
Progress (1): 7.8/63 kBProgress (1): 8.2/63 kBProgress (1): 16/63 kB Progress (1): 24/63 kBProgress (1): 25/63 kBProgress (1): 33/63 kBProgress (1): 40/63 kBProgress (1): 41/63 kBProgress (1): 49/63 kBProgress (1): 56/63 kBProgress (1): 57/63 kBProgress (1): 63 kB                      Downloaded from apache.snapshots: https://repository.apache.org/snapshots/org/apache/camel/camel-test-junit5/4.0.0-SNAPSHOT/camel-test-junit5-4.0.0-20230620.151904-151.jar (63 kB at 270 kB/s)
Downloading from apache.snapshots: https://repository.apache.org/snapshots/org/apache/camel/camel-core-engine/4.0.0-SNAPSHOT/camel-core-engine-4.0.0-20230620.151904-156.jar
Progress (1): 7.8/66 kBProgress (1): 8.2/66 kBProgress (1): 16/66 kB Progress (1): 24/66 kBProgress (1): 25/66 kBProgress (1): 33/66 kBProgress (1): 40/66 kBProgress (1): 41/66 kBProgress (1): 49/66 kBProgress (1): 56/66 kBProgress (1): 57/66 kBProgress (2): 57/66 kB | 7.8/42 kBProgress (2): 66/66 kB | 7.8/42 kBProgress (2): 66 kB | 7.8/42 kB                                  Downloaded from apache.snapshots: https://repository.apache.org/snapshots/org/apache/camel/camel-core-engine/4.0.0-SNAPSHOT/camel-core-engine-4.0.0-20230620.151904-156.jar (66 kB at 185 kB/s)
Downloading from apache.snapshots: https://repository.apache.org/snapshots/org/apache/camel/camel-base-engine/4.0.0-SNAPSHOT/camel-base-engine-4.0.0-20230620.151904-156.jar
Progress (1): 8.2/42 kBProgress (2): 8.2/42 kB | 7.8/14 kBProgress (2): 8.2/42 kB | 8.2/14 kBProgress (3): 8.2/42 kB | 8.2/14 kB | 7.8/187 kBProgress (3): 8.2/42 kB | 8.2/14 kB | 8.2/187 kBProgress (4): 8.2/42 kB | 8.2/14 kB | 8.2/187 kB | 7.8/556 kBProgress (4): 8.2/42 kB | 8.2/14 kB | 8.2/187 kB | 8.2/556 kBProgress (4): 16/42 kB | 8.2/14 kB | 8.2/187 kB | 8.2/556 kB Progress (4): 24/42 kB | 8.2/14 kB | 8.2/187 kB | 8.2/556 kBProgress (4): 25/42 kB | 8.2/14 kB | 8.2/187 kB | 8.2/556 kBProgress (4): 33/42 kB | 8.2/14 kB | 8.2/187 kB | 8.2/556 kBProgress (4): 33/42 kB | 14 kB | 8.2/187 kB | 8.2/556 kB                                                            Downloaded from apache.snapshots: https://repository.apache.org/snapshots/org/apache/camel/camel-xml-jaxp-util/4.0.0-SNAPSHOT/camel-xml-jaxp-util-4.0.0-20230620.151904-5.jar (14 kB at 31 kB/s)
Downloading from apache.snapshots: https://repository.apache.org/snapshots/org/apache/camel/camel-base/4.0.0-SNAPSHOT/camel-base-4.0.0-20230620.151904-156.jar
Progress (4): 33/42 kB | 8.2/187 kB | 8.2/556 kB | 7.8/528 kBProgress (4): 33/42 kB | 8.2/187 kB | 8.2/556 kB | 8.2/528 kBProgress (4): 33/42 kB | 8.2/187 kB | 8.2/556 kB | 16/528 kB Progress (4): 33/42 kB | 8.2/187 kB | 8.2/556 kB | 24/528 kBProgress (4): 33/42 kB | 8.2/187 kB | 8.2/556 kB | 25/528 kBProgress (4): 33/42 kB | 8.2/187 kB | 8.2/556 kB | 33/528 kBProgress (4): 33/42 kB | 8.2/187 kB | 8.2/556 kB | 40/528 kBProgress (4): 33/42 kB | 8.2/187 kB | 8.2/556 kB | 41/528 kBProgress (4): 33/42 kB | 8.2/187 kB | 8.2/556 kB | 49/528 kBProgress (4): 33/42 kB | 8.2/187 kB | 8.2/556 kB | 56/528 kBProgress (4): 33/42 kB | 8.2/187 kB | 8.2/556 kB | 57/528 kBProgress (4): 33/42 kB | 8.2/187 kB | 8.2/556 kB | 66/528 kBProgress (4): 33/42 kB | 8.2/187 kB | 8.2/556 kB | 72/528 kBProgress (4): 33/42 kB | 8.2/187 kB | 8.2/556 kB | 74/528 kBProgress (4): 33/42 kB | 8.2/187 kB | 8.2/556 kB | 82/528 kBProgress (4): 33/42 kB | 8.2/187 kB | 8.2/556 kB | 88/528 kBProgress (4): 33/42 kB | 16/187 kB | 8.2/556 kB | 88/528 kB Progress (4): 33/42 kB | 16/187 kB | 8.2/556 kB | 90/528 kBProgress (4): 33/42 kB | 24/187 kB | 8.2/556 kB | 90/528 kBProgress (4): 33/42 kB | 24/187 kB | 8.2/556 kB | 98/528 kBProgress (4): 33/42 kB | 25/187 kB | 8.2/556 kB | 98/528 kBProgress (4): 33/42 kB | 25/187 kB | 8.2/556 kB | 104/528 kBProgress (4): 33/42 kB | 25/187 kB | 8.2/556 kB | 106/528 kBProgress (4): 33/42 kB | 33/187 kB | 8.2/556 kB | 106/528 kBProgress (4): 33/42 kB | 33/187 kB | 8.2/556 kB | 115/528 kBProgress (4): 33/42 kB | 33/187 kB | 8.2/556 kB | 120/528 kBProgress (4): 33/42 kB | 33/187 kB | 8.2/556 kB | 123/528 kBProgress (4): 33/42 kB | 33/187 kB | 8.2/556 kB | 131/528 kBProgress (4): 33/42 kB | 33/187 kB | 8.2/556 kB | 136/528 kBProgress (4): 33/42 kB | 33/187 kB | 8.2/556 kB | 139/528 kBProgress (4): 33/42 kB | 33/187 kB | 8.2/556 kB | 147/528 kBProgress (4): 33/42 kB | 33/187 kB | 8.2/556 kB | 152/528 kBProgress (4): 33/42 kB | 33/187 kB | 16/556 kB | 152/528 kB Progress (4): 33/42 kB | 33/187 kB | 24/556 kB | 152/528 kBProgress (4): 33/42 kB | 33/187 kB | 25/556 kB | 152/528 kBProgress (4): 33/42 kB | 33/187 kB | 33/556 kB | 152/528 kBProgress (4): 33/42 kB | 33/187 kB | 33/556 kB | 156/528 kBProgress (4): 33/42 kB | 33/187 kB | 33/556 kB | 164/528 kBProgress (4): 33/42 kB | 33/187 kB | 33/556 kB | 168/528 kBProgress (4): 33/42 kB | 33/187 kB | 33/556 kB | 172/528 kBProgress (4): 33/42 kB | 33/187 kB | 33/556 kB | 180/528 kBProgress (4): 33/42 kB | 33/187 kB | 33/556 kB | 184/528 kBProgress (4): 33/42 kB | 33/187 kB | 33/556 kB | 188/528 kBProgress (4): 33/42 kB | 33/187 kB | 33/556 kB | 197/528 kBProgress (4): 33/42 kB | 33/187 kB | 33/556 kB | 200/528 kBProgress (4): 33/42 kB | 33/187 kB | 33/556 kB | 205/528 kBProgress (4): 33/42 kB | 33/187 kB | 33/556 kB | 213/528 kBProgress (4): 33/42 kB | 33/187 kB | 33/556 kB | 216/528 kBProgress (4): 33/42 kB | 33/187 kB | 33/556 kB | 221/528 kBProgress (4): 33/42 kB | 33/187 kB | 33/556 kB | 229/528 kBProgress (4): 33/42 kB | 33/187 kB | 33/556 kB | 232/528 kBProgress (4): 33/42 kB | 33/187 kB | 33/556 kB | 238/528 kBProgress (4): 33/42 kB | 33/187 kB | 33/556 kB | 246/528 kBProgress (4): 33/42 kB | 33/187 kB | 33/556 kB | 248/528 kBProgress (4): 33/42 kB | 33/187 kB | 33/556 kB | 254/528 kBProgress (4): 33/42 kB | 33/187 kB | 33/556 kB | 262/528 kBProgress (4): 33/42 kB | 33/187 kB | 33/556 kB | 264/528 kBProgress (4): 33/42 kB | 33/187 kB | 33/556 kB | 270/528 kBProgress (4): 33/42 kB | 33/187 kB | 33/556 kB | 279/528 kBProgress (4): 33/42 kB | 33/187 kB | 33/556 kB | 280/528 kBProgress (4): 33/42 kB | 33/187 kB | 33/556 kB | 287/528 kBProgress (4): 33/42 kB | 33/187 kB | 33/556 kB | 295/528 kBProgress (4): 33/42 kB | 33/187 kB | 33/556 kB | 296/528 kBProgress (4): 33/42 kB | 33/187 kB | 33/556 kB | 303/528 kBProgress (4): 33/42 kB | 33/187 kB | 33/556 kB | 311/528 kBProgress (4): 33/42 kB | 33/187 kB | 33/556 kB | 312/528 kBProgress (4): 33/42 kB | 33/187 kB | 33/556 kB | 319/528 kBProgress (4): 33/42 kB | 33/187 kB | 33/556 kB | 328/528 kBProgress (4): 33/42 kB | 33/187 kB | 33/556 kB | 336/528 kBProgress (4): 33/42 kB | 33/187 kB | 33/556 kB | 336/528 kBProgress (4): 33/42 kB | 33/187 kB | 33/556 kB | 344/528 kBProgress (4): 33/42 kB | 33/187 kB | 33/556 kB | 352/528 kBProgress (4): 33/42 kB | 33/187 kB | 33/556 kB | 352/528 kBProgress (4): 33/42 kB | 33/187 kB | 33/556 kB | 360/528 kBProgress (4): 33/42 kB | 33/187 kB | 33/556 kB | 368/528 kBProgress (4): 33/42 kB | 33/187 kB | 33/556 kB | 369/528 kBProgress (4): 33/42 kB | 33/187 kB | 33/556 kB | 377/528 kBProgress (4): 33/42 kB | 33/187 kB | 33/556 kB | 384/528 kBProgress (4): 33/42 kB | 33/187 kB | 33/556 kB | 385/528 kBProgress (4): 33/42 kB | 33/187 kB | 33/556 kB | 393/528 kBProgress (4): 33/42 kB | 33/187 kB | 33/556 kB | 400/528 kBProgress (4): 33/42 kB | 33/187 kB | 33/556 kB | 401/528 kBProgress (4): 33/42 kB | 33/187 kB | 33/556 kB | 410/528 kBProgress (4): 33/42 kB | 33/187 kB | 33/556 kB | 416/528 kBProgress (4): 33/42 kB | 33/187 kB | 33/556 kB | 418/528 kBProgress (4): 33/42 kB | 33/187 kB | 33/556 kB | 426/528 kBProgress (4): 33/42 kB | 33/187 kB | 33/556 kB | 432/528 kBProgress (4): 33/42 kB | 33/187 kB | 33/556 kB | 434/528 kBProgress (4): 33/42 kB | 33/187 kB | 33/556 kB | 442/528 kBProgress (4): 33/42 kB | 33/187 kB | 33/556 kB | 448/528 kBProgress (4): 33/42 kB | 33/187 kB | 33/556 kB | 451/528 kBProgress (4): 33/42 kB | 33/187 kB | 33/556 kB | 459/528 kBProgress (4): 33/42 kB | 33/187 kB | 33/556 kB | 464/528 kBProgress (4): 33/42 kB | 33/187 kB | 33/556 kB | 467/528 kBProgress (4): 33/42 kB | 33/187 kB | 33/556 kB | 475/528 kBProgress (4): 33/42 kB | 33/187 kB | 33/556 kB | 480/528 kBProgress (4): 33/42 kB | 33/187 kB | 33/556 kB | 483/528 kBProgress (4): 33/42 kB | 33/187 kB | 33/556 kB | 492/528 kBProgress (4): 33/42 kB | 33/187 kB | 33/556 kB | 496/528 kBProgress (4): 33/42 kB | 33/187 kB | 33/556 kB | 500/528 kBProgress (4): 33/42 kB | 33/187 kB | 33/556 kB | 508/528 kBProgress (4): 33/42 kB | 33/187 kB | 33/556 kB | 512/528 kBProgress (4): 33/42 kB | 33/187 kB | 33/556 kB | 516/528 kBProgress (4): 33/42 kB | 33/187 kB | 33/556 kB | 524/528 kBProgress (4): 33/42 kB | 33/187 kB | 33/556 kB | 528/528 kBProgress (4): 33/42 kB | 33/187 kB | 33/556 kB | 528 kB                                                           Downloaded from apache.snapshots: https://repository.apache.org/snapshots/org/apache/camel/camel-base-engine/4.0.0-SNAPSHOT/camel-base-engine-4.0.0-20230620.151904-156.jar (528 kB at 1.1 MB/s)
Downloading from apache.snapshots: https://repository.apache.org/snapshots/org/apache/camel/camel-core-reifier/4.0.0-SNAPSHOT/camel-core-reifier-4.0.0-20230620.151904-156.jar
Progress (3): 40/42 kB | 33/187 kB | 33/556 kBProgress (3): 41/42 kB | 33/187 kB | 33/556 kBProgress (3): 42 kB | 33/187 kB | 33/556 kB                                              Downloaded from apache.snapshots: https://repository.apache.org/snapshots/org/apache/camel/camel-util-json/4.0.0-SNAPSHOT/camel-util-json-4.0.0-20230620.151904-157.jar (42 kB at 74 kB/s)
Downloading from apache.snapshots: https://repository.apache.org/snapshots/org/apache/camel/camel-core-processor/4.0.0-SNAPSHOT/camel-core-processor-4.0.0-20230620.151904-156.jar
Progress (3): 33/187 kB | 33/556 kB | 7.8/190 kBProgress (3): 33/187 kB | 33/556 kB | 8.2/190 kBProgress (3): 33/187 kB | 33/556 kB | 16/190 kB Progress (3): 33/187 kB | 33/556 kB | 24/190 kBProgress (3): 33/187 kB | 33/556 kB | 25/190 kBProgress (3): 40/187 kB | 33/556 kB | 25/190 kBProgress (3): 41/187 kB | 33/556 kB | 25/190 kBProgress (3): 49/187 kB | 33/556 kB | 25/190 kBProgress (3): 56/187 kB | 33/556 kB | 25/190 kBProgress (3): 57/187 kB | 33/556 kB | 25/190 kBProgress (3): 66/187 kB | 33/556 kB | 25/190 kBProgress (3): 66/187 kB | 40/556 kB | 25/190 kBProgress (3): 66/187 kB | 41/556 kB | 25/190 kBProgress (3): 72/187 kB | 41/556 kB | 25/190 kBProgress (3): 74/187 kB | 41/556 kB | 25/190 kBProgress (3): 82/187 kB | 41/556 kB | 25/190 kBProgress (3): 82/187 kB | 49/556 kB | 25/190 kBProgress (3): 82/187 kB | 56/556 kB | 25/190 kBProgress (3): 82/187 kB | 57/556 kB | 25/190 kBProgress (3): 82/187 kB | 66/556 kB | 25/190 kBProgress (3): 82/187 kB | 72/556 kB | 25/190 kBProgress (3): 82/187 kB | 74/556 kB | 25/190 kBProgress (3): 82/187 kB | 82/556 kB | 25/190 kBProgress (4): 82/187 kB | 82/556 kB | 25/190 kB | 7.8/272 kBProgress (4): 82/187 kB | 82/556 kB | 25/190 kB | 8.2/272 kBProgress (4): 82/187 kB | 82/556 kB | 25/190 kB | 16/272 kB Progress (4): 82/187 kB | 82/556 kB | 25/190 kB | 24/272 kBProgress (4): 82/187 kB | 82/556 kB | 25/190 kB | 25/272 kBProgress (4): 82/187 kB | 82/556 kB | 25/190 kB | 33/272 kBProgress (4): 82/187 kB | 82/556 kB | 25/190 kB | 40/272 kBProgress (4): 82/187 kB | 82/556 kB | 25/190 kB | 41/272 kBProgress (4): 82/187 kB | 82/556 kB | 25/190 kB | 49/272 kBProgress (4): 82/187 kB | 82/556 kB | 25/190 kB | 56/272 kBProgress (4): 82/187 kB | 82/556 kB | 25/190 kB | 57/272 kBProgress (4): 82/187 kB | 82/556 kB | 25/190 kB | 66/272 kBProgress (4): 82/187 kB | 82/556 kB | 25/190 kB | 72/272 kBProgress (4): 82/187 kB | 82/556 kB | 25/190 kB | 74/272 kBProgress (4): 82/187 kB | 82/556 kB | 25/190 kB | 82/272 kBProgress (4): 82/187 kB | 82/556 kB | 25/190 kB | 88/272 kBProgress (4): 82/187 kB | 82/556 kB | 25/190 kB | 90/272 kBProgress (4): 82/187 kB | 82/556 kB | 25/190 kB | 98/272 kBProgress (4): 82/187 kB | 82/556 kB | 25/190 kB | 106/272 kBProgress (4): 82/187 kB | 82/556 kB | 25/190 kB | 106/272 kBProgress (4): 82/187 kB | 82/556 kB | 25/190 kB | 115/272 kBProgress (4): 82/187 kB | 82/556 kB | 25/190 kB | 122/272 kBProgress (4): 82/187 kB | 82/556 kB | 25/190 kB | 123/272 kBProgress (4): 82/187 kB | 82/556 kB | 25/190 kB | 131/272 kBProgress (4): 82/187 kB | 82/556 kB | 25/190 kB | 138/272 kBProgress (4): 82/187 kB | 82/556 kB | 25/190 kB | 139/272 kBProgress (4): 82/187 kB | 82/556 kB | 25/190 kB | 147/272 kBProgress (4): 82/187 kB | 82/556 kB | 25/190 kB | 154/272 kBProgress (4): 82/187 kB | 82/556 kB | 25/190 kB | 156/272 kBProgress (4): 82/187 kB | 82/556 kB | 25/190 kB | 164/272 kBProgress (4): 82/187 kB | 82/556 kB | 25/190 kB | 170/272 kBProgress (4): 82/187 kB | 82/556 kB | 25/190 kB | 172/272 kBProgress (4): 82/187 kB | 82/556 kB | 25/190 kB | 180/272 kBProgress (4): 82/187 kB | 82/556 kB | 25/190 kB | 186/272 kBProgress (4): 82/187 kB | 82/556 kB | 25/190 kB | 188/272 kBProgress (4): 82/187 kB | 82/556 kB | 25/190 kB | 197/272 kBProgress (4): 88/187 kB | 82/556 kB | 25/190 kB | 197/272 kBProgress (4): 90/187 kB | 82/556 kB | 25/190 kB | 197/272 kBProgress (4): 90/187 kB | 82/556 kB | 25/190 kB | 202/272 kBProgress (4): 90/187 kB | 82/556 kB | 25/190 kB | 205/272 kBProgress (4): 90/187 kB | 82/556 kB | 25/190 kB | 213/272 kBProgress (4): 90/187 kB | 82/556 kB | 25/190 kB | 218/272 kBProgress (4): 90/187 kB | 82/556 kB | 25/190 kB | 221/272 kBProgress (4): 90/187 kB | 82/556 kB | 25/190 kB | 229/272 kBProgress (4): 90/187 kB | 82/556 kB | 25/190 kB | 234/272 kBProgress (4): 90/187 kB | 82/556 kB | 25/190 kB | 238/272 kBProgress (4): 90/187 kB | 82/556 kB | 25/190 kB | 246/272 kBProgress (4): 90/187 kB | 82/556 kB | 25/190 kB | 250/272 kBProgress (4): 90/187 kB | 82/556 kB | 25/190 kB | 254/272 kBProgress (4): 90/187 kB | 82/556 kB | 25/190 kB | 262/272 kBProgress (4): 90/187 kB | 82/556 kB | 25/190 kB | 266/272 kBProgress (4): 90/187 kB | 82/556 kB | 25/190 kB | 270/272 kBProgress (4): 90/187 kB | 82/556 kB | 25/190 kB | 272 kB                                                            Downloaded from apache.snapshots: https://repository.apache.org/snapshots/org/apache/camel/camel-core-reifier/4.0.0-SNAPSHOT/camel-core-reifier-4.0.0-20230620.151904-156.jar (272 kB at 425 kB/s)
Downloading from apache.snapshots: https://repository.apache.org/snapshots/org/apache/camel/camel-core-languages/4.0.0-SNAPSHOT/camel-core-languages-4.0.0-20230620.151904-156.jar
Progress (4): 90/187 kB | 82/556 kB | 25/190 kB | 7.8/477 kBProgress (4): 90/187 kB | 82/556 kB | 25/190 kB | 8.2/477 kBProgress (4): 90/187 kB | 82/556 kB | 25/190 kB | 16/477 kB Progress (4): 90/187 kB | 82/556 kB | 25/190 kB | 24/477 kBProgress (4): 90/187 kB | 82/556 kB | 25/190 kB | 25/477 kBProgress (4): 90/187 kB | 82/556 kB | 25/190 kB | 33/477 kBProgress (4): 90/187 kB | 82/556 kB | 25/190 kB | 40/477 kBProgress (4): 90/187 kB | 82/556 kB | 25/190 kB | 41/477 kBProgress (4): 90/187 kB | 82/556 kB | 25/190 kB | 49/477 kBProgress (4): 90/187 kB | 82/556 kB | 25/190 kB | 56/477 kBProgress (4): 90/187 kB | 82/556 kB | 25/190 kB | 57/477 kBProgress (4): 90/187 kB | 82/556 kB | 33/190 kB | 57/477 kBProgress (4): 90/187 kB | 82/556 kB | 40/190 kB | 57/477 kBProgress (4): 90/187 kB | 82/556 kB | 41/190 kB | 57/477 kBProgress (4): 90/187 kB | 82/556 kB | 49/190 kB | 57/477 kBProgress (4): 90/187 kB | 82/556 kB | 56/190 kB | 57/477 kBProgress (4): 90/187 kB | 82/556 kB | 57/190 kB | 57/477 kBProgress (4): 90/187 kB | 82/556 kB | 66/190 kB | 57/477 kBProgress (4): 90/187 kB | 82/556 kB | 72/190 kB | 57/477 kBProgress (4): 90/187 kB | 82/556 kB | 74/190 kB | 57/477 kBProgress (4): 98/187 kB | 82/556 kB | 74/190 kB | 57/477 kBProgress (4): 104/187 kB | 82/556 kB | 74/190 kB | 57/477 kBProgress (4): 106/187 kB | 82/556 kB | 74/190 kB | 57/477 kBProgress (4): 115/187 kB | 82/556 kB | 74/190 kB | 57/477 kBProgress (4): 120/187 kB | 82/556 kB | 74/190 kB | 57/477 kBProgress (4): 123/187 kB | 82/556 kB | 74/190 kB | 57/477 kBProgress (4): 131/187 kB | 82/556 kB | 74/190 kB | 57/477 kBProgress (4): 131/187 kB | 88/556 kB | 74/190 kB | 57/477 kBProgress (4): 136/187 kB | 88/556 kB | 74/190 kB | 57/477 kBProgress (4): 136/187 kB | 90/556 kB | 74/190 kB | 57/477 kBProgress (4): 139/187 kB | 90/556 kB | 74/190 kB | 57/477 kBProgress (4): 139/187 kB | 98/556 kB | 74/190 kB | 57/477 kBProgress (4): 147/187 kB | 98/556 kB | 74/190 kB | 57/477 kBProgress (4): 147/187 kB | 104/556 kB | 74/190 kB | 57/477 kBProgress (4): 152/187 kB | 104/556 kB | 74/190 kB | 57/477 kBProgress (4): 152/187 kB | 106/556 kB | 74/190 kB | 57/477 kBProgress (4): 156/187 kB | 106/556 kB | 74/190 kB | 57/477 kBProgress (4): 164/187 kB | 106/556 kB | 74/190 kB | 57/477 kBProgress (4): 168/187 kB | 106/556 kB | 74/190 kB | 57/477 kBProgress (4): 172/187 kB | 106/556 kB | 74/190 kB | 57/477 kBProgress (4): 180/187 kB | 106/556 kB | 74/190 kB | 57/477 kBProgress (4): 184/187 kB | 106/556 kB | 74/190 kB | 57/477 kBProgress (4): 184/187 kB | 115/556 kB | 74/190 kB | 57/477 kBProgress (4): 187 kB | 115/556 kB | 74/190 kB | 57/477 kB    Progress (4): 187 kB | 120/556 kB | 74/190 kB | 57/477 kBProgress (4): 187 kB | 123/556 kB | 74/190 kB | 57/477 kB                                                         Downloaded from apache.snapshots: https://repository.apache.org/snapshots/org/apache/camel/camel-util/4.0.0-SNAPSHOT/camel-util-4.0.0-20230620.151904-156.jar (187 kB at 272 kB/s)
Downloading from apache.snapshots: https://repository.apache.org/snapshots/org/apache/camel/camel-core-model/4.0.0-SNAPSHOT/camel-core-model-4.0.0-20230620.151904-156.jar
Progress (3): 131/556 kB | 74/190 kB | 57/477 kBProgress (3): 136/556 kB | 74/190 kB | 57/477 kBProgress (3): 139/556 kB | 74/190 kB | 57/477 kBProgress (3): 147/556 kB | 74/190 kB | 57/477 kBProgress (3): 152/556 kB | 74/190 kB | 57/477 kBProgress (3): 156/556 kB | 74/190 kB | 57/477 kBProgress (3): 164/556 kB | 74/190 kB | 57/477 kBProgress (3): 168/556 kB | 74/190 kB | 57/477 kBProgress (3): 172/556 kB | 74/190 kB | 57/477 kBProgress (3): 180/556 kB | 74/190 kB | 57/477 kBProgress (3): 184/556 kB | 74/190 kB | 57/477 kBProgress (3): 184/556 kB | 82/190 kB | 57/477 kBProgress (3): 184/556 kB | 88/190 kB | 57/477 kBProgress (3): 184/556 kB | 90/190 kB | 57/477 kBProgress (4): 184/556 kB | 90/190 kB | 57/477 kB | 7.8/206 kBProgress (4): 184/556 kB | 90/190 kB | 57/477 kB | 8.2/206 kBProgress (4): 184/556 kB | 90/190 kB | 57/477 kB | 16/206 kB Progress (4): 184/556 kB | 90/190 kB | 57/477 kB | 24/206 kBProgress (4): 184/556 kB | 90/190 kB | 57/477 kB | 25/206 kBProgress (4): 184/556 kB | 90/190 kB | 57/477 kB | 33/206 kBProgress (4): 184/556 kB | 90/190 kB | 57/477 kB | 40/206 kBProgress (4): 184/556 kB | 90/190 kB | 57/477 kB | 41/206 kBProgress (4): 184/556 kB | 90/190 kB | 57/477 kB | 49/206 kBProgress (4): 184/556 kB | 90/190 kB | 57/477 kB | 56/206 kBProgress (4): 184/556 kB | 90/190 kB | 57/477 kB | 57/206 kBProgress (4): 184/556 kB | 90/190 kB | 57/477 kB | 66/206 kBProgress (4): 184/556 kB | 90/190 kB | 57/477 kB | 72/206 kBProgress (4): 184/556 kB | 90/190 kB | 57/477 kB | 74/206 kBProgress (4): 184/556 kB | 90/190 kB | 57/477 kB | 82/206 kBProgress (4): 184/556 kB | 90/190 kB | 57/477 kB | 88/206 kBProgress (4): 184/556 kB | 90/190 kB | 57/477 kB | 90/206 kBProgress (4): 184/556 kB | 90/190 kB | 57/477 kB | 98/206 kBProgress (4): 184/556 kB | 90/190 kB | 57/477 kB | 104/206 kBProgress (4): 184/556 kB | 90/190 kB | 57/477 kB | 106/206 kBProgress (4): 184/556 kB | 90/190 kB | 57/477 kB | 115/206 kBProgress (4): 184/556 kB | 90/190 kB | 57/477 kB | 120/206 kBProgress (4): 184/556 kB | 90/190 kB | 57/477 kB | 123/206 kBProgress (4): 184/556 kB | 90/190 kB | 57/477 kB | 131/206 kBProgress (4): 184/556 kB | 90/190 kB | 57/477 kB | 136/206 kBProgress (4): 184/556 kB | 90/190 kB | 57/477 kB | 139/206 kBProgress (4): 184/556 kB | 90/190 kB | 57/477 kB | 147/206 kBProgress (4): 184/556 kB | 90/190 kB | 57/477 kB | 152/206 kBProgress (4): 184/556 kB | 90/190 kB | 57/477 kB | 156/206 kBProgress (4): 184/556 kB | 90/190 kB | 57/477 kB | 164/206 kBProgress (4): 184/556 kB | 90/190 kB | 57/477 kB | 168/206 kBProgress (4): 184/556 kB | 90/190 kB | 57/477 kB | 172/206 kBProgress (4): 184/556 kB | 90/190 kB | 57/477 kB | 180/206 kBProgress (4): 184/556 kB | 90/190 kB | 57/477 kB | 184/206 kBProgress (4): 184/556 kB | 90/190 kB | 57/477 kB | 188/206 kBProgress (4): 184/556 kB | 90/190 kB | 57/477 kB | 197/206 kBProgress (4): 184/556 kB | 90/190 kB | 57/477 kB | 200/206 kBProgress (4): 184/556 kB | 90/190 kB | 57/477 kB | 205/206 kBProgress (4): 184/556 kB | 90/190 kB | 57/477 kB | 206 kB                                                             Downloaded from apache.snapshots: https://repository.apache.org/snapshots/org/apache/camel/camel-core-languages/4.0.0-SNAPSHOT/camel-core-languages-4.0.0-20230620.151904-156.jar (206 kB at 271 kB/s)
Downloading from apache.snapshots: https://repository.apache.org/snapshots/org/apache/camel/camel-bean/4.0.0-SNAPSHOT/camel-bean-4.0.0-20230620.151904-156.jar
Progress (3): 184/556 kB | 90/190 kB | 66/477 kBProgress (3): 184/556 kB | 90/190 kB | 72/477 kBProgress (3): 184/556 kB | 90/190 kB | 74/477 kBProgress (3): 184/556 kB | 90/190 kB | 82/477 kBProgress (3): 184/556 kB | 90/190 kB | 88/477 kBProgress (3): 184/556 kB | 90/190 kB | 90/477 kBProgress (3): 184/556 kB | 90/190 kB | 98/477 kBProgress (3): 184/556 kB | 90/190 kB | 104/477 kBProgress (3): 184/556 kB | 90/190 kB | 106/477 kBProgress (3): 184/556 kB | 90/190 kB | 115/477 kBProgress (3): 184/556 kB | 90/190 kB | 120/477 kBProgress (3): 184/556 kB | 90/190 kB | 123/477 kBProgress (3): 184/556 kB | 90/190 kB | 131/477 kBProgress (3): 184/556 kB | 98/190 kB | 131/477 kBProgress (3): 184/556 kB | 104/190 kB | 131/477 kBProgress (3): 184/556 kB | 106/190 kB | 131/477 kBProgress (3): 184/556 kB | 115/190 kB | 131/477 kBProgress (3): 184/556 kB | 120/190 kB | 131/477 kBProgress (3): 184/556 kB | 123/190 kB | 131/477 kBProgress (3): 184/556 kB | 123/190 kB | 136/477 kBProgress (3): 184/556 kB | 123/190 kB | 139/477 kBProgress (3): 184/556 kB | 123/190 kB | 147/477 kBProgress (3): 184/556 kB | 123/190 kB | 152/477 kBProgress (3): 184/556 kB | 123/190 kB | 156/477 kBProgress (3): 184/556 kB | 123/190 kB | 164/477 kBProgress (3): 184/556 kB | 123/190 kB | 168/477 kBProgress (3): 184/556 kB | 123/190 kB | 172/477 kBProgress (3): 184/556 kB | 131/190 kB | 172/477 kBProgress (3): 184/556 kB | 136/190 kB | 172/477 kBProgress (3): 188/556 kB | 136/190 kB | 172/477 kBProgress (3): 197/556 kB | 136/190 kB | 172/477 kBProgress (3): 200/556 kB | 136/190 kB | 172/477 kBProgress (3): 205/556 kB | 136/190 kB | 172/477 kBProgress (3): 213/556 kB | 136/190 kB | 172/477 kBProgress (3): 216/556 kB | 136/190 kB | 172/477 kBProgress (3): 221/556 kB | 136/190 kB | 172/477 kBProgress (3): 229/556 kB | 136/190 kB | 172/477 kBProgress (3): 232/556 kB | 136/190 kB | 172/477 kBProgress (3): 238/556 kB | 136/190 kB | 172/477 kBProgress (3): 246/556 kB | 136/190 kB | 172/477 kBProgress (3): 248/556 kB | 136/190 kB | 172/477 kBProgress (3): 254/556 kB | 136/190 kB | 172/477 kBProgress (3): 262/556 kB | 136/190 kB | 172/477 kBProgress (3): 264/556 kB | 136/190 kB | 172/477 kBProgress (3): 270/556 kB | 136/190 kB | 172/477 kBProgress (3): 279/556 kB | 136/190 kB | 172/477 kBProgress (3): 280/556 kB | 136/190 kB | 172/477 kBProgress (3): 287/556 kB | 136/190 kB | 172/477 kBProgress (3): 295/556 kB | 136/190 kB | 172/477 kBProgress (3): 296/556 kB | 136/190 kB | 172/477 kBProgress (4): 296/556 kB | 136/190 kB | 172/477 kB | 0/1.2 MBProgress (4): 296/556 kB | 136/190 kB | 172/477 kB | 0/1.2 MBProgress (4): 296/556 kB | 136/190 kB | 172/477 kB | 0/1.2 MBProgress (4): 296/556 kB | 136/190 kB | 172/477 kB | 0/1.2 MBProgress (4): 296/556 kB | 136/190 kB | 172/477 kB | 0/1.2 MBProgress (4): 296/556 kB | 136/190 kB | 172/477 kB | 0/1.2 MBProgress (4): 296/556 kB | 136/190 kB | 172/477 kB | 0/1.2 MBProgress (4): 296/556 kB | 136/190 kB | 172/477 kB | 0/1.2 MBProgress (4): 296/556 kB | 136/190 kB | 172/477 kB | 0/1.2 MBProgress (4): 296/556 kB | 136/190 kB | 172/477 kB | 0.1/1.2 MBProgress (4): 296/556 kB | 136/190 kB | 172/477 kB | 0.1/1.2 MBProgress (4): 296/556 kB | 136/190 kB | 172/477 kB | 0.1/1.2 MBProgress (4): 296/556 kB | 136/190 kB | 172/477 kB | 0.1/1.2 MBProgress (4): 296/556 kB | 136/190 kB | 172/477 kB | 0.1/1.2 MBProgress (4): 296/556 kB | 136/190 kB | 172/477 kB | 0.1/1.2 MBProgress (4): 296/556 kB | 136/190 kB | 172/477 kB | 0.1/1.2 MBProgress (4): 296/556 kB | 136/190 kB | 172/477 kB | 0.1/1.2 MBProgress (4): 296/556 kB | 136/190 kB | 172/477 kB | 0.1/1.2 MBProgress (4): 296/556 kB | 136/190 kB | 172/477 kB | 0.1/1.2 MBProgress (4): 296/556 kB | 136/190 kB | 172/477 kB | 0.1/1.2 MBProgress (4): 296/556 kB | 136/190 kB | 172/477 kB | 0.1/1.2 MBProgress (4): 296/556 kB | 136/190 kB | 172/477 kB | 0.1/1.2 MBProgress (4): 296/556 kB | 136/190 kB | 172/477 kB | 0.1/1.2 MBProgress (4): 296/556 kB | 136/190 kB | 172/477 kB | 0.1/1.2 MBProgress (4): 303/556 kB | 136/190 kB | 172/477 kB | 0.1/1.2 MBProgress (4): 303/556 kB | 136/190 kB | 172/477 kB | 0.1/1.2 MBProgress (4): 311/556 kB | 136/190 kB | 172/477 kB | 0.1/1.2 MBProgress (4): 312/556 kB | 136/190 kB | 172/477 kB | 0.1/1.2 MBProgress (4): 319/556 kB | 136/190 kB | 172/477 kB | 0.1/1.2 MBProgress (4): 319/556 kB | 136/190 kB | 172/477 kB | 0.1/1.2 MBProgress (4): 328/556 kB | 136/190 kB | 172/477 kB | 0.1/1.2 MBProgress (4): 328/556 kB | 136/190 kB | 172/477 kB | 0.1/1.2 MBProgress (4): 328/556 kB | 136/190 kB | 172/477 kB | 0.2/1.2 MBProgress (4): 336/556 kB | 136/190 kB | 172/477 kB | 0.2/1.2 MBProgress (4): 336/556 kB | 136/190 kB | 172/477 kB | 0.2/1.2 MBProgress (4): 336/556 kB | 136/190 kB | 172/477 kB | 0.2/1.2 MBProgress (4): 344/556 kB | 136/190 kB | 172/477 kB | 0.2/1.2 MBProgress (4): 344/556 kB | 136/190 kB | 172/477 kB | 0.2/1.2 MBProgress (4): 344/556 kB | 136/190 kB | 172/477 kB | 0.2/1.2 MBProgress (4): 352/556 kB | 136/190 kB | 172/477 kB | 0.2/1.2 MBProgress (4): 352/556 kB | 136/190 kB | 172/477 kB | 0.2/1.2 MBProgress (4): 352/556 kB | 136/190 kB | 172/477 kB | 0.2/1.2 MBProgress (4): 360/556 kB | 136/190 kB | 172/477 kB | 0.2/1.2 MBProgress (4): 360/556 kB | 136/190 kB | 172/477 kB | 0.2/1.2 MBProgress (4): 368/556 kB | 136/190 kB | 172/477 kB | 0.2/1.2 MBProgress (4): 368/556 kB | 136/190 kB | 172/477 kB | 0.2/1.2 MBProgress (4): 369/556 kB | 136/190 kB | 172/477 kB | 0.2/1.2 MBProgress (4): 369/556 kB | 136/190 kB | 172/477 kB | 0.2/1.2 MBProgress (4): 377/556 kB | 136/190 kB | 172/477 kB | 0.2/1.2 MBProgress (4): 377/556 kB | 136/190 kB | 172/477 kB | 0.2/1.2 MBProgress (4): 384/556 kB | 136/190 kB | 172/477 kB | 0.2/1.2 MBProgress (4): 384/556 kB | 136/190 kB | 172/477 kB | 0.2/1.2 MBProgress (4): 385/556 kB | 136/190 kB | 172/477 kB | 0.2/1.2 MBProgress (4): 385/556 kB | 139/190 kB | 172/477 kB | 0.2/1.2 MBProgress (4): 385/556 kB | 147/190 kB | 172/477 kB | 0.2/1.2 MBProgress (4): 385/556 kB | 152/190 kB | 172/477 kB | 0.2/1.2 MBProgress (4): 385/556 kB | 156/190 kB | 172/477 kB | 0.2/1.2 MBProgress (4): 385/556 kB | 164/190 kB | 172/477 kB | 0.2/1.2 MBProgress (4): 385/556 kB | 168/190 kB | 172/477 kB | 0.2/1.2 MBProgress (4): 385/556 kB | 172/190 kB | 172/477 kB | 0.2/1.2 MBProgress (4): 385/556 kB | 180/190 kB | 172/477 kB | 0.2/1.2 MBProgress (4): 385/556 kB | 184/190 kB | 172/477 kB | 0.2/1.2 MBProgress (4): 385/556 kB | 188/190 kB | 172/477 kB | 0.2/1.2 MBProgress (4): 385/556 kB | 190 kB | 172/477 kB | 0.2/1.2 MB                                                               Downloaded from apache.snapshots: https://repository.apache.org/snapshots/org/apache/camel/camel-base/4.0.0-SNAPSHOT/camel-base-4.0.0-20230620.151904-156.jar (190 kB at 229 kB/s)
Downloading from apache.snapshots: https://repository.apache.org/snapshots/org/apache/camel/camel-browse/4.0.0-SNAPSHOT/camel-browse-4.0.0-20230620.151904-156.jar
Progress (4): 385/556 kB | 172/477 kB | 0.2/1.2 MB | 7.8/146 kBProgress (4): 385/556 kB | 172/477 kB | 0.2/1.2 MB | 8.2/146 kBProgress (4): 385/556 kB | 172/477 kB | 0.2/1.2 MB | 16/146 kB Progress (4): 385/556 kB | 172/477 kB | 0.2/1.2 MB | 24/146 kBProgress (4): 385/556 kB | 172/477 kB | 0.2/1.2 MB | 25/146 kBProgress (4): 385/556 kB | 172/477 kB | 0.2/1.2 MB | 33/146 kBProgress (4): 385/556 kB | 172/477 kB | 0.2/1.2 MB | 40/146 kBProgress (4): 385/556 kB | 172/477 kB | 0.2/1.2 MB | 41/146 kBProgress (4): 385/556 kB | 172/477 kB | 0.2/1.2 MB | 49/146 kBProgress (4): 385/556 kB | 172/477 kB | 0.2/1.2 MB | 56/146 kBProgress (4): 385/556 kB | 172/477 kB | 0.2/1.2 MB | 57/146 kBProgress (4): 385/556 kB | 172/477 kB | 0.2/1.2 MB | 66/146 kBProgress (4): 385/556 kB | 172/477 kB | 0.2/1.2 MB | 72/146 kBProgress (4): 385/556 kB | 172/477 kB | 0.2/1.2 MB | 74/146 kBProgress (4): 385/556 kB | 172/477 kB | 0.2/1.2 MB | 82/146 kBProgress (4): 385/556 kB | 172/477 kB | 0.2/1.2 MB | 88/146 kBProgress (4): 385/556 kB | 172/477 kB | 0.2/1.2 MB | 90/146 kBProgress (4): 385/556 kB | 172/477 kB | 0.2/1.2 MB | 98/146 kBProgress (4): 385/556 kB | 172/477 kB | 0.2/1.2 MB | 104/146 kBProgress (4): 385/556 kB | 172/477 kB | 0.2/1.2 MB | 106/146 kBProgress (4): 385/556 kB | 172/477 kB | 0.2/1.2 MB | 115/146 kBProgress (4): 385/556 kB | 172/477 kB | 0.2/1.2 MB | 120/146 kBProgress (4): 385/556 kB | 172/477 kB | 0.2/1.2 MB | 123/146 kBProgress (4): 385/556 kB | 172/477 kB | 0.2/1.2 MB | 131/146 kBProgress (4): 385/556 kB | 172/477 kB | 0.2/1.2 MB | 136/146 kBProgress (4): 385/556 kB | 172/477 kB | 0.2/1.2 MB | 139/146 kBProgress (4): 385/556 kB | 172/477 kB | 0.2/1.2 MB | 146 kB                                                               Downloaded from apache.snapshots: https://repository.apache.org/snapshots/org/apache/camel/camel-bean/4.0.0-SNAPSHOT/camel-bean-4.0.0-20230620.151904-156.jar (146 kB at 167 kB/s)
Downloading from apache.snapshots: https://repository.apache.org/snapshots/org/apache/camel/camel-controlbus/4.0.0-SNAPSHOT/camel-controlbus-4.0.0-20230620.151904-156.jar
Progress (3): 385/556 kB | 180/477 kB | 0.2/1.2 MBProgress (3): 385/556 kB | 184/477 kB | 0.2/1.2 MBProgress (3): 385/556 kB | 188/477 kB | 0.2/1.2 MBProgress (3): 385/556 kB | 197/477 kB | 0.2/1.2 MBProgress (3): 385/556 kB | 200/477 kB | 0.2/1.2 MBProgress (3): 385/556 kB | 205/477 kB | 0.2/1.2 MBProgress (3): 385/556 kB | 213/477 kB | 0.2/1.2 MBProgress (3): 385/556 kB | 216/477 kB | 0.2/1.2 MBProgress (3): 385/556 kB | 221/477 kB | 0.2/1.2 MBProgress (3): 385/556 kB | 229/477 kB | 0.2/1.2 MBProgress (3): 385/556 kB | 232/477 kB | 0.2/1.2 MBProgress (3): 385/556 kB | 238/477 kB | 0.2/1.2 MBProgress (3): 385/556 kB | 246/477 kB | 0.2/1.2 MBProgress (3): 385/556 kB | 248/477 kB | 0.2/1.2 MBProgress (3): 385/556 kB | 254/477 kB | 0.2/1.2 MBProgress (3): 385/556 kB | 262/477 kB | 0.2/1.2 MBProgress (3): 385/556 kB | 264/477 kB | 0.2/1.2 MBProgress (3): 385/556 kB | 270/477 kB | 0.2/1.2 MBProgress (3): 385/556 kB | 279/477 kB | 0.2/1.2 MBProgress (3): 385/556 kB | 280/477 kB | 0.2/1.2 MBProgress (3): 385/556 kB | 287/477 kB | 0.2/1.2 MBProgress (3): 385/556 kB | 295/477 kB | 0.2/1.2 MBProgress (3): 385/556 kB | 296/477 kB | 0.2/1.2 MBProgress (3): 385/556 kB | 303/477 kB | 0.2/1.2 MBProgress (3): 385/556 kB | 311/477 kB | 0.2/1.2 MBProgress (3): 385/556 kB | 312/477 kB | 0.2/1.2 MBProgress (3): 385/556 kB | 319/477 kB | 0.2/1.2 MBProgress (3): 385/556 kB | 328/477 kB | 0.2/1.2 MBProgress (3): 385/556 kB | 336/477 kB | 0.2/1.2 MBProgress (3): 385/556 kB | 336/477 kB | 0.2/1.2 MBProgress (3): 385/556 kB | 344/477 kB | 0.2/1.2 MBProgress (3): 385/556 kB | 352/477 kB | 0.2/1.2 MBProgress (3): 385/556 kB | 352/477 kB | 0.2/1.2 MBProgress (3): 385/556 kB | 360/477 kB | 0.2/1.2 MBProgress (3): 385/556 kB | 368/477 kB | 0.2/1.2 MBProgress (3): 385/556 kB | 369/477 kB | 0.2/1.2 MBProgress (3): 385/556 kB | 377/477 kB | 0.2/1.2 MBProgress (3): 385/556 kB | 384/477 kB | 0.2/1.2 MBProgress (3): 385/556 kB | 385/477 kB | 0.2/1.2 MBProgress (3): 385/556 kB | 393/477 kB | 0.2/1.2 MBProgress (3): 385/556 kB | 400/477 kB | 0.2/1.2 MBProgress (3): 385/556 kB | 401/477 kB | 0.2/1.2 MBProgress (3): 385/556 kB | 410/477 kB | 0.2/1.2 MBProgress (3): 393/556 kB | 410/477 kB | 0.2/1.2 MBProgress (3): 400/556 kB | 410/477 kB | 0.2/1.2 MBProgress (3): 401/556 kB | 410/477 kB | 0.2/1.2 MBProgress (3): 410/556 kB | 410/477 kB | 0.2/1.2 MBProgress (3): 416/556 kB | 410/477 kB | 0.2/1.2 MBProgress (3): 418/556 kB | 410/477 kB | 0.2/1.2 MBProgress (3): 426/556 kB | 410/477 kB | 0.2/1.2 MBProgress (3): 432/556 kB | 410/477 kB | 0.2/1.2 MBProgress (3): 434/556 kB | 410/477 kB | 0.2/1.2 MBProgress (3): 442/556 kB | 410/477 kB | 0.2/1.2 MBProgress (3): 448/556 kB | 410/477 kB | 0.2/1.2 MBProgress (3): 451/556 kB | 410/477 kB | 0.2/1.2 MBProgress (3): 459/556 kB | 410/477 kB | 0.2/1.2 MBProgress (3): 464/556 kB | 410/477 kB | 0.2/1.2 MBProgress (3): 467/556 kB | 410/477 kB | 0.2/1.2 MBProgress (3): 475/556 kB | 410/477 kB | 0.2/1.2 MBProgress (3): 480/556 kB | 410/477 kB | 0.2/1.2 MBProgress (3): 483/556 kB | 410/477 kB | 0.2/1.2 MBProgress (3): 492/556 kB | 410/477 kB | 0.2/1.2 MBProgress (3): 492/556 kB | 410/477 kB | 0.2/1.2 MBProgress (3): 496/556 kB | 410/477 kB | 0.2/1.2 MBProgress (3): 500/556 kB | 410/477 kB | 0.2/1.2 MBProgress (3): 500/556 kB | 410/477 kB | 0.2/1.2 MBProgress (3): 508/556 kB | 410/477 kB | 0.2/1.2 MBProgress (3): 508/556 kB | 410/477 kB | 0.2/1.2 MBProgress (3): 512/556 kB | 410/477 kB | 0.2/1.2 MBProgress (3): 516/556 kB | 410/477 kB | 0.2/1.2 MBProgress (3): 516/556 kB | 410/477 kB | 0.2/1.2 MBProgress (3): 524/556 kB | 410/477 kB | 0.2/1.2 MBProgress (3): 528/556 kB | 410/477 kB | 0.2/1.2 MBProgress (3): 528/556 kB | 410/477 kB | 0.2/1.2 MBProgress (3): 532/556 kB | 410/477 kB | 0.2/1.2 MBProgress (3): 532/556 kB | 410/477 kB | 0.2/1.2 MBProgress (3): 541/556 kB | 410/477 kB | 0.2/1.2 MBProgress (3): 541/556 kB | 410/477 kB | 0.2/1.2 MBProgress (3): 541/556 kB | 410/477 kB | 0.2/1.2 MBProgress (3): 541/556 kB | 410/477 kB | 0.2/1.2 MBProgress (3): 544/556 kB | 410/477 kB | 0.2/1.2 MBProgress (3): 544/556 kB | 410/477 kB | 0.3/1.2 MBProgress (3): 549/556 kB | 410/477 kB | 0.3/1.2 MBProgress (3): 556 kB | 410/477 kB | 0.3/1.2 MB    Progress (3): 556 kB | 410/477 kB | 0.3/1.2 MBProgress (3): 556 kB | 410/477 kB | 0.3/1.2 MB                                              Downloaded from apache.snapshots: https://repository.apache.org/snapshots/org/apache/camel/camel-api/4.0.0-SNAPSHOT/camel-api-4.0.0-20230620.151904-156.jar (556 kB at 611 kB/s)
Downloading from apache.snapshots: https://repository.apache.org/snapshots/org/apache/camel/camel-dataformat/4.0.0-SNAPSHOT/camel-dataformat-4.0.0-20230620.151904-156.jar
Progress (2): 410/477 kB | 0.3/1.2 MBProgress (2): 410/477 kB | 0.3/1.2 MBProgress (2): 410/477 kB | 0.3/1.2 MBProgress (2): 410/477 kB | 0.3/1.2 MBProgress (2): 410/477 kB | 0.3/1.2 MBProgress (2): 410/477 kB | 0.3/1.2 MBProgress (2): 410/477 kB | 0.3/1.2 MBProgress (2): 410/477 kB | 0.3/1.2 MBProgress (2): 410/477 kB | 0.3/1.2 MBProgress (2): 410/477 kB | 0.3/1.2 MBProgress (2): 410/477 kB | 0.3/1.2 MBProgress (2): 410/477 kB | 0.3/1.2 MBProgress (2): 410/477 kB | 0.3/1.2 MBProgress (2): 410/477 kB | 0.3/1.2 MBProgress (2): 410/477 kB | 0.4/1.2 MBProgress (2): 410/477 kB | 0.4/1.2 MBProgress (2): 410/477 kB | 0.4/1.2 MBProgress (2): 410/477 kB | 0.4/1.2 MBProgress (2): 410/477 kB | 0.4/1.2 MBProgress (2): 410/477 kB | 0.4/1.2 MBProgress (2): 410/477 kB | 0.4/1.2 MBProgress (2): 410/477 kB | 0.4/1.2 MBProgress (2): 410/477 kB | 0.4/1.2 MBProgress (2): 410/477 kB | 0.4/1.2 MBProgress (2): 410/477 kB | 0.4/1.2 MBProgress (2): 410/477 kB | 0.4/1.2 MBProgress (2): 410/477 kB | 0.4/1.2 MBProgress (2): 410/477 kB | 0.4/1.2 MBProgress (2): 410/477 kB | 0.4/1.2 MBProgress (2): 410/477 kB | 0.4/1.2 MBProgress (2): 410/477 kB | 0.4/1.2 MBProgress (2): 410/477 kB | 0.4/1.2 MBProgress (2): 410/477 kB | 0.5/1.2 MBProgress (2): 410/477 kB | 0.5/1.2 MBProgress (2): 410/477 kB | 0.5/1.2 MBProgress (2): 410/477 kB | 0.5/1.2 MBProgress (2): 410/477 kB | 0.5/1.2 MBProgress (2): 410/477 kB | 0.5/1.2 MBProgress (3): 410/477 kB | 0.5/1.2 MB | 7.8/22 kBProgress (3): 410/477 kB | 0.5/1.2 MB | 8.2/22 kBProgress (3): 410/477 kB | 0.5/1.2 MB | 16/22 kB Progress (3): 410/477 kB | 0.5/1.2 MB | 22 kB                                                Downloaded from apache.snapshots: https://repository.apache.org/snapshots/org/apache/camel/camel-browse/4.0.0-SNAPSHOT/camel-browse-4.0.0-20230620.151904-156.jar (22 kB at 23 kB/s)
Downloading from apache.snapshots: https://repository.apache.org/snapshots/org/apache/camel/camel-dataset/4.0.0-SNAPSHOT/camel-dataset-4.0.0-20230620.151904-154.jar
Progress (3): 410/477 kB | 0.5/1.2 MB | 7.8/30 kBProgress (3): 410/477 kB | 0.5/1.2 MB | 8.2/30 kBProgress (3): 410/477 kB | 0.5/1.2 MB | 16/30 kB Progress (3): 410/477 kB | 0.5/1.2 MB | 24/30 kBProgress (3): 410/477 kB | 0.5/1.2 MB | 25/30 kBProgress (3): 410/477 kB | 0.5/1.2 MB | 30 kB                                                Downloaded from apache.snapshots: https://repository.apache.org/snapshots/org/apache/camel/camel-controlbus/4.0.0-SNAPSHOT/camel-controlbus-4.0.0-20230620.151904-156.jar (30 kB at 30 kB/s)
Downloading from apache.snapshots: https://repository.apache.org/snapshots/org/apache/camel/camel-direct/4.0.0-SNAPSHOT/camel-direct-4.0.0-20230620.151904-156.jar
Progress (2): 416/477 kB | 0.5/1.2 MBProgress (2): 418/477 kB | 0.5/1.2 MBProgress (2): 426/477 kB | 0.5/1.2 MBProgress (2): 432/477 kB | 0.5/1.2 MBProgress (2): 434/477 kB | 0.5/1.2 MBProgress (2): 442/477 kB | 0.5/1.2 MBProgress (2): 448/477 kB | 0.5/1.2 MBProgress (2): 451/477 kB | 0.5/1.2 MBProgress (2): 459/477 kB | 0.5/1.2 MBProgress (2): 464/477 kB | 0.5/1.2 MBProgress (2): 467/477 kB | 0.5/1.2 MBProgress (2): 475/477 kB | 0.5/1.2 MBProgress (2): 477 kB | 0.5/1.2 MB                                     Downloaded from apache.snapshots: https://repository.apache.org/snapshots/org/apache/camel/camel-core-processor/4.0.0-SNAPSHOT/camel-core-processor-4.0.0-20230620.151904-156.jar (477 kB at 484 kB/s)
Downloading from apache.snapshots: https://repository.apache.org/snapshots/org/apache/camel/camel-file/4.0.0-SNAPSHOT/camel-file-4.0.0-20230620.151904-156.jar
Progress (1): 0.5/1.2 MBProgress (1): 0.5/1.2 MBProgress (1): 0.5/1.2 MBProgress (1): 0.5/1.2 MBProgress (1): 0.5/1.2 MBProgress (1): 0.5/1.2 MBProgress (1): 0.5/1.2 MBProgress (1): 0.5/1.2 MBProgress (1): 0.5/1.2 MBProgress (1): 0.5/1.2 MBProgress (1): 0.5/1.2 MBProgress (1): 0.5/1.2 MBProgress (1): 0.5/1.2 MBProgress (2): 0.5/1.2 MB | 7.8/22 kBProgress (2): 0.5/1.2 MB | 8.2/22 kBProgress (2): 0.5/1.2 MB | 16/22 kB Progress (2): 0.5/1.2 MB | 22 kB   Progress (2): 0.6/1.2 MB | 22 kBProgress (2): 0.6/1.2 MB | 22 kBProgress (2): 0.6/1.2 MB | 22 kBProgress (2): 0.6/1.2 MB | 22 kBProgress (2): 0.6/1.2 MB | 22 kBProgress (2): 0.6/1.2 MB | 22 kBProgress (2): 0.6/1.2 MB | 22 kBProgress (2): 0.6/1.2 MB | 22 kBProgress (2): 0.6/1.2 MB | 22 kBProgress (2): 0.6/1.2 MB | 22 kBProgress (2): 0.6/1.2 MB | 22 kBProgress (2): 0.6/1.2 MB | 22 kBProgress (2): 0.6/1.2 MB | 22 kBProgress (2): 0.6/1.2 MB | 22 kBProgress (2): 0.6/1.2 MB | 22 kBProgress (2): 0.6/1.2 MB | 22 kB                                Downloaded from apache.snapshots: https://repository.apache.org/snapshots/org/apache/camel/camel-dataformat/4.0.0-SNAPSHOT/camel-dataformat-4.0.0-20230620.151904-156.jar (22 kB at 22 kB/s)
Downloading from apache.snapshots: https://repository.apache.org/snapshots/org/apache/camel/camel-cluster/4.0.0-SNAPSHOT/camel-cluster-4.0.0-20230620.151904-156.jar
Progress (1): 0.6/1.2 MBProgress (1): 0.6/1.2 MBProgress (1): 0.6/1.2 MBProgress (1): 0.7/1.2 MBProgress (1): 0.7/1.2 MBProgress (1): 0.7/1.2 MBProgress (1): 0.7/1.2 MBProgress (1): 0.7/1.2 MBProgress (1): 0.7/1.2 MBProgress (1): 0.7/1.2 MBProgress (1): 0.7/1.2 MBProgress (1): 0.7/1.2 MBProgress (1): 0.7/1.2 MBProgress (1): 0.7/1.2 MBProgress (1): 0.7/1.2 MBProgress (1): 0.7/1.2 MBProgress (1): 0.7/1.2 MBProgress (1): 0.7/1.2 MBProgress (1): 0.7/1.2 MBProgress (1): 0.7/1.2 MBProgress (1): 0.7/1.2 MBProgress (1): 0.8/1.2 MBProgress (1): 0.8/1.2 MBProgress (1): 0.8/1.2 MBProgress (1): 0.8/1.2 MBProgress (1): 0.8/1.2 MBProgress (1): 0.8/1.2 MBProgress (1): 0.8/1.2 MBProgress (1): 0.8/1.2 MBProgress (1): 0.8/1.2 MBProgress (1): 0.8/1.2 MBProgress (1): 0.8/1.2 MBProgress (1): 0.8/1.2 MBProgress (1): 0.8/1.2 MBProgress (1): 0.8/1.2 MBProgress (1): 0.8/1.2 MBProgress (1): 0.8/1.2 MBProgress (1): 0.8/1.2 MBProgress (1): 0.8/1.2 MBProgress (1): 0.8/1.2 MBProgress (1): 0.9/1.2 MBProgress (1): 0.9/1.2 MBProgress (1): 0.9/1.2 MBProgress (1): 0.9/1.2 MBProgress (1): 0.9/1.2 MBProgress (1): 0.9/1.2 MBProgress (1): 0.9/1.2 MBProgress (1): 0.9/1.2 MBProgress (1): 0.9/1.2 MBProgress (1): 0.9/1.2 MBProgress (1): 0.9/1.2 MBProgress (1): 0.9/1.2 MBProgress (1): 0.9/1.2 MBProgress (1): 0.9/1.2 MBProgress (1): 0.9/1.2 MBProgress (1): 0.9/1.2 MBProgress (1): 0.9/1.2 MBProgress (1): 0.9/1.2 MBProgress (1): 1.0/1.2 MBProgress (1): 1.0/1.2 MBProgress (1): 1.0/1.2 MBProgress (1): 1.0/1.2 MBProgress (1): 1.0/1.2 MBProgress (1): 1.0/1.2 MBProgress (1): 1.0/1.2 MBProgress (1): 1.0/1.2 MBProgress (1): 1.0/1.2 MBProgress (1): 1.0/1.2 MBProgress (1): 1.0/1.2 MBProgress (1): 1.0/1.2 MBProgress (1): 1.0/1.2 MBProgress (1): 1.0/1.2 MBProgress (1): 1.0/1.2 MBProgress (1): 1.0/1.2 MBProgress (1): 1.0/1.2 MBProgress (1): 1.0/1.2 MBProgress (1): 1.0/1.2 MBProgress (1): 1.0/1.2 MBProgress (1): 1.1/1.2 MBProgress (1): 1.1/1.2 MBProgress (1): 1.1/1.2 MBProgress (1): 1.1/1.2 MBProgress (2): 1.1/1.2 MB | 7.8/51 kBProgress (2): 1.1/1.2 MB | 8.2/51 kBProgress (2): 1.1/1.2 MB | 16/51 kB Progress (2): 1.1/1.2 MB | 24/51 kBProgress (2): 1.1/1.2 MB | 25/51 kBProgress (2): 1.1/1.2 MB | 33/51 kBProgress (2): 1.1/1.2 MB | 40/51 kBProgress (2): 1.1/1.2 MB | 41/51 kBProgress (2): 1.1/1.2 MB | 41/51 kBProgress (2): 1.1/1.2 MB | 49/51 kBProgress (2): 1.1/1.2 MB | 51 kB   Progress (2): 1.1/1.2 MB | 51 kB                                Downloaded from apache.snapshots: https://repository.apache.org/snapshots/org/apache/camel/camel-dataset/4.0.0-SNAPSHOT/camel-dataset-4.0.0-20230620.151904-154.jar (51 kB at 49 kB/s)
Downloading from apache.snapshots: https://repository.apache.org/snapshots/org/apache/camel/camel-language/4.0.0-SNAPSHOT/camel-language-4.0.0-20230620.151904-155.jar
Progress (1): 1.1/1.2 MBProgress (1): 1.1/1.2 MBProgress (1): 1.1/1.2 MBProgress (1): 1.1/1.2 MBProgress (1): 1.1/1.2 MBProgress (1): 1.1/1.2 MBProgress (1): 1.1/1.2 MBProgress (1): 1.1/1.2 MBProgress (1): 1.1/1.2 MBProgress (1): 1.1/1.2 MBProgress (1): 1.1/1.2 MBProgress (1): 1.1/1.2 MBProgress (1): 1.2/1.2 MBProgress (1): 1.2/1.2 MBProgress (2): 1.2/1.2 MB | 7.8/28 kBProgress (2): 1.2/1.2 MB | 8.2/28 kBProgress (2): 1.2/1.2 MB | 16/28 kB Progress (2): 1.2/1.2 MB | 24/28 kBProgress (2): 1.2/1.2 MB | 25/28 kBProgress (2): 1.2/1.2 MB | 28 kB                                   Downloaded from apache.snapshots: https://repository.apache.org/snapshots/org/apache/camel/camel-direct/4.0.0-SNAPSHOT/camel-direct-4.0.0-20230620.151904-156.jar (28 kB at 26 kB/s)
Downloading from apache.snapshots: https://repository.apache.org/snapshots/org/apache/camel/camel-log/4.0.0-SNAPSHOT/camel-log-4.0.0-20230620.151904-156.jar
Progress (2): 1.2/1.2 MB | 7.8/233 kBProgress (2): 1.2/1.2 MB | 8.2/233 kBProgress (2): 1.2/1.2 MB | 16/233 kB Progress (2): 1.2/1.2 MB | 24/233 kBProgress (2): 1.2/1.2 MB | 25/233 kBProgress (2): 1.2/1.2 MB | 33/233 kBProgress (2): 1.2/1.2 MB | 40/233 kBProgress (2): 1.2/1.2 MB | 41/233 kBProgress (2): 1.2/1.2 MB | 49/233 kBProgress (2): 1.2/1.2 MB | 56/233 kBProgress (2): 1.2/1.2 MB | 57/233 kBProgress (2): 1.2/1.2 MB | 66/233 kBProgress (2): 1.2/1.2 MB | 72/233 kBProgress (2): 1.2/1.2 MB | 74/233 kBProgress (2): 1.2/1.2 MB | 82/233 kBProgress (2): 1.2/1.2 MB | 88/233 kBProgress (2): 1.2/1.2 MB | 90/233 kBProgress (2): 1.2/1.2 MB | 98/233 kBProgress (2): 1.2/1.2 MB | 104/233 kBProgress (2): 1.2/1.2 MB | 106/233 kBProgress (2): 1.2/1.2 MB | 115/233 kBProgress (2): 1.2/1.2 MB | 120/233 kBProgress (2): 1.2/1.2 MB | 123/233 kBProgress (2): 1.2/1.2 MB | 131/233 kBProgress (2): 1.2/1.2 MB | 136/233 kBProgress (2): 1.2/1.2 MB | 139/233 kBProgress (2): 1.2/1.2 MB | 147/233 kBProgress (2): 1.2/1.2 MB | 152/233 kBProgress (2): 1.2/1.2 MB | 156/233 kBProgress (2): 1.2/1.2 MB | 164/233 kBProgress (2): 1.2/1.2 MB | 168/233 kBProgress (2): 1.2/1.2 MB | 172/233 kBProgress (2): 1.2/1.2 MB | 180/233 kBProgress (2): 1.2/1.2 MB | 184/233 kBProgress (2): 1.2/1.2 MB | 188/233 kBProgress (2): 1.2/1.2 MB | 197/233 kBProgress (2): 1.2/1.2 MB | 200/233 kBProgress (2): 1.2/1.2 MB | 205/233 kBProgress (2): 1.2/1.2 MB | 213/233 kBProgress (2): 1.2/1.2 MB | 216/233 kBProgress (2): 1.2/1.2 MB | 221/233 kBProgress (2): 1.2/1.2 MB | 229/233 kBProgress (2): 1.2/1.2 MB | 232/233 kBProgress (2): 1.2/1.2 MB | 233 kB                                     Downloaded from apache.snapshots: https://repository.apache.org/snapshots/org/apache/camel/camel-file/4.0.0-SNAPSHOT/camel-file-4.0.0-20230620.151904-156.jar (233 kB at 210 kB/s)
Downloading from apache.snapshots: https://repository.apache.org/snapshots/org/apache/camel/camel-mock/4.0.0-SNAPSHOT/camel-mock-4.0.0-20230620.151904-156.jar
Progress (1): 1.2/1.2 MBProgress (1): 1.2/1.2 MBProgress (1): 1.2/1.2 MBProgress (1): 1.2/1.2 MBProgress (1): 1.2/1.2 MBProgress (1): 1.2/1.2 MBProgress (1): 1.2/1.2 MBProgress (1): 1.2/1.2 MBProgress (1): 1.2/1.2 MBProgress (1): 1.2 MB                        Downloaded from apache.snapshots: https://repository.apache.org/snapshots/org/apache/camel/camel-core-model/4.0.0-SNAPSHOT/camel-core-model-4.0.0-20230620.151904-156.jar (1.2 MB at 1.1 MB/s)
Downloading from apache.snapshots: https://repository.apache.org/snapshots/org/apache/camel/camel-ref/4.0.0-SNAPSHOT/camel-ref-4.0.0-20230620.151904-156.jar
Progress (1): 7.8/31 kBProgress (1): 8.2/31 kBProgress (1): 16/31 kB Progress (1): 24/31 kBProgress (1): 25/31 kBProgress (1): 31 kB                      Downloaded from apache.snapshots: https://repository.apache.org/snapshots/org/apache/camel/camel-cluster/4.0.0-SNAPSHOT/camel-cluster-4.0.0-20230620.151904-156.jar (31 kB at 27 kB/s)
Downloading from apache.snapshots: https://repository.apache.org/snapshots/org/apache/camel/camel-rest/4.0.0-SNAPSHOT/camel-rest-4.0.0-20230620.151904-156.jar
Progress (1): 7.8/28 kBProgress (1): 8.2/28 kBProgress (1): 16/28 kB Progress (1): 24/28 kBProgress (1): 25/28 kBProgress (1): 28 kB                      Downloaded from apache.snapshots: https://repository.apache.org/snapshots/org/apache/camel/camel-language/4.0.0-SNAPSHOT/camel-language-4.0.0-20230620.151904-155.jar (28 kB at 25 kB/s)
Downloading from apache.snapshots: https://repository.apache.org/snapshots/org/apache/camel/camel-tooling-model/4.0.0-SNAPSHOT/camel-tooling-model-4.0.0-20230620.151904-157.jar
Progress (1): 7.8/37 kBProgress (1): 8.2/37 kBProgress (1): 16/37 kB Progress (1): 24/37 kBProgress (1): 25/37 kBProgress (1): 33/37 kBProgress (1): 37 kB                      Downloaded from apache.snapshots: https://repository.apache.org/snapshots/org/apache/camel/camel-log/4.0.0-SNAPSHOT/camel-log-4.0.0-20230620.151904-156.jar (37 kB at 31 kB/s)
Downloading from apache.snapshots: https://repository.apache.org/snapshots/org/apache/camel/camel-saga/4.0.0-SNAPSHOT/camel-saga-4.0.0-20230620.151904-155.jar
Progress (1): 7.8/100 kBProgress (1): 8.2/100 kBProgress (1): 16/100 kB Progress (1): 24/100 kBProgress (1): 25/100 kBProgress (1): 33/100 kBProgress (1): 40/100 kBProgress (1): 41/100 kBProgress (1): 49/100 kBProgress (1): 56/100 kBProgress (1): 57/100 kBProgress (1): 66/100 kBProgress (1): 72/100 kBProgress (1): 74/100 kBProgress (1): 82/100 kBProgress (1): 88/100 kBProgress (1): 90/100 kBProgress (1): 98/100 kBProgress (1): 100 kB                       Downloaded from apache.snapshots: https://repository.apache.org/snapshots/org/apache/camel/camel-mock/4.0.0-SNAPSHOT/camel-mock-4.0.0-20230620.151904-156.jar (100 kB at 82 kB/s)
Downloading from apache.snapshots: https://repository.apache.org/snapshots/org/apache/camel/camel-scheduler/4.0.0-SNAPSHOT/camel-scheduler-4.0.0-20230620.151904-156.jar
Progress (1): 7.8/20 kBProgress (1): 8.2/20 kBProgress (1): 16/20 kB Progress (1): 20 kB                      Downloaded from apache.snapshots: https://repository.apache.org/snapshots/org/apache/camel/camel-ref/4.0.0-SNAPSHOT/camel-ref-4.0.0-20230620.151904-156.jar (20 kB at 16 kB/s)
Downloading from apache.snapshots: https://repository.apache.org/snapshots/org/apache/camel/camel-seda/4.0.0-SNAPSHOT/camel-seda-4.0.0-20230620.151904-156.jar
Progress (1): 7.8/74 kBProgress (1): 8.2/74 kBProgress (1): 16/74 kB Progress (1): 24/74 kBProgress (1): 25/74 kBProgress (1): 33/74 kBProgress (1): 40/74 kBProgress (1): 41/74 kBProgress (1): 49/74 kBProgress (1): 56/74 kBProgress (1): 57/74 kBProgress (1): 66/74 kBProgress (1): 72/74 kBProgress (1): 74/74 kBProgress (1): 74 kB                      Downloaded from apache.snapshots: https://repository.apache.org/snapshots/org/apache/camel/camel-rest/4.0.0-SNAPSHOT/camel-rest-4.0.0-20230620.151904-156.jar (74 kB at 59 kB/s)
Downloading from apache.snapshots: https://repository.apache.org/snapshots/org/apache/camel/camel-stub/4.0.0-SNAPSHOT/camel-stub-4.0.0-20230620.151904-156.jar
Progress (1): 7.8/47 kBProgress (1): 8.2/47 kBProgress (1): 16/47 kB Progress (1): 24/47 kBProgress (1): 25/47 kBProgress (1): 33/47 kBProgress (1): 40/47 kBProgress (1): 41/47 kBProgress (1): 47 kB                      Downloaded from apache.snapshots: https://repository.apache.org/snapshots/org/apache/camel/camel-tooling-model/4.0.0-SNAPSHOT/camel-tooling-model-4.0.0-20230620.151904-157.jar (47 kB at 37 kB/s)
Downloading from apache.snapshots: https://repository.apache.org/snapshots/org/apache/camel/camel-timer/4.0.0-SNAPSHOT/camel-timer-4.0.0-20230620.151904-155.jar
Progress (1): 7.8/24 kBProgress (1): 8.2/24 kBProgress (1): 16/24 kB Progress (1): 24 kB                      Downloaded from apache.snapshots: https://repository.apache.org/snapshots/org/apache/camel/camel-saga/4.0.0-SNAPSHOT/camel-saga-4.0.0-20230620.151904-155.jar (24 kB at 18 kB/s)
Downloading from apache.snapshots: https://repository.apache.org/snapshots/org/apache/camel/camel-validator/4.0.0-SNAPSHOT/camel-validator-4.0.0-20230620.151904-154.jar
Progress (1): 7.8/31 kBProgress (1): 8.2/31 kBProgress (1): 16/31 kB Progress (1): 24/31 kBProgress (1): 25/31 kBProgress (1): 31 kB                      Downloaded from apache.snapshots: https://repository.apache.org/snapshots/org/apache/camel/camel-scheduler/4.0.0-SNAPSHOT/camel-scheduler-4.0.0-20230620.151904-156.jar (31 kB at 23 kB/s)
Downloading from apache.snapshots: https://repository.apache.org/snapshots/org/apache/camel/camel-xml-jaxp/4.0.0-SNAPSHOT/camel-xml-jaxp-4.0.0-20230620.151904-154.jar
Progress (1): 7.8/56 kBProgress (1): 8.2/56 kBProgress (1): 16/56 kB Progress (1): 24/56 kBProgress (1): 25/56 kBProgress (1): 33/56 kBProgress (1): 40/56 kBProgress (1): 41/56 kBProgress (1): 49/56 kBProgress (1): 56/56 kBProgress (1): 56 kB                      Downloaded from apache.snapshots: https://repository.apache.org/snapshots/org/apache/camel/camel-seda/4.0.0-SNAPSHOT/camel-seda-4.0.0-20230620.151904-156.jar (56 kB at 42 kB/s)
Downloading from apache.snapshots: https://repository.apache.org/snapshots/org/apache/camel/camel-xml-io-util/4.0.0-SNAPSHOT/camel-xml-io-util-4.0.0-20230620.151904-156.jar
Progress (1): 7.8/24 kBProgress (1): 8.2/24 kBProgress (1): 16/24 kB Progress (1): 24/24 kBProgress (1): 24 kB                      Downloaded from apache.snapshots: https://repository.apache.org/snapshots/org/apache/camel/camel-stub/4.0.0-SNAPSHOT/camel-stub-4.0.0-20230620.151904-156.jar (24 kB at 18 kB/s)
Downloading from apache.snapshots: https://repository.apache.org/snapshots/org/apache/camel/camel-xpath/4.0.0-SNAPSHOT/camel-xpath-4.0.0-20230620.151904-154.jar
Progress (1): 7.8/32 kBProgress (1): 8.2/32 kBProgress (1): 16/32 kB Progress (1): 24/32 kBProgress (1): 25/32 kBProgress (1): 32 kB                      Downloaded from apache.snapshots: https://repository.apache.org/snapshots/org/apache/camel/camel-timer/4.0.0-SNAPSHOT/camel-timer-4.0.0-20230620.151904-155.jar (32 kB at 23 kB/s)
Downloading from apache.snapshots: https://repository.apache.org/snapshots/org/apache/camel/camel-xslt/4.0.0-SNAPSHOT/camel-xslt-4.0.0-20230620.151904-154.jar
Progress (1): 7.8/32 kBProgress (1): 8.2/32 kBProgress (1): 16/32 kB Progress (1): 24/32 kBProgress (1): 25/32 kBProgress (1): 32 kB                      Downloaded from apache.snapshots: https://repository.apache.org/snapshots/org/apache/camel/camel-validator/4.0.0-SNAPSHOT/camel-validator-4.0.0-20230620.151904-154.jar (32 kB at 23 kB/s)
Progress (1): 7.8/100 kBProgress (1): 8.2/100 kBProgress (1): 16/100 kB Progress (1): 24/100 kBProgress (1): 25/100 kBProgress (1): 33/100 kBProgress (1): 40/100 kBProgress (1): 41/100 kBProgress (1): 49/100 kBProgress (1): 56/100 kBProgress (1): 57/100 kBProgress (1): 66/100 kBProgress (1): 72/100 kBProgress (1): 74/100 kBProgress (1): 82/100 kBProgress (1): 88/100 kBProgress (1): 90/100 kBProgress (1): 98/100 kBProgress (1): 100 kB                       Downloaded from apache.snapshots: https://repository.apache.org/snapshots/org/apache/camel/camel-xml-jaxp/4.0.0-SNAPSHOT/camel-xml-jaxp-4.0.0-20230620.151904-154.jar (100 kB at 70 kB/s)
Progress (1): 7.8/22 kBProgress (1): 8.2/22 kBProgress (1): 16/22 kB Progress (1): 22 kB                      Downloaded from apache.snapshots: https://repository.apache.org/snapshots/org/apache/camel/camel-xml-io-util/4.0.0-SNAPSHOT/camel-xml-io-util-4.0.0-20230620.151904-156.jar (22 kB at 15 kB/s)
Progress (1): 7.8/48 kBProgress (1): 8.2/48 kBProgress (1): 16/48 kB Progress (1): 24/48 kBProgress (1): 25/48 kBProgress (1): 33/48 kBProgress (1): 40/48 kBProgress (1): 41/48 kBProgress (1): 48 kB                      Downloaded from apache.snapshots: https://repository.apache.org/snapshots/org/apache/camel/camel-xpath/4.0.0-SNAPSHOT/camel-xpath-4.0.0-20230620.151904-154.jar (48 kB at 33 kB/s)
Progress (1): 7.8/59 kBProgress (1): 8.2/59 kBProgress (1): 16/59 kB Progress (1): 24/59 kBProgress (1): 25/59 kBProgress (1): 33/59 kBProgress (1): 40/59 kBProgress (1): 41/59 kBProgress (1): 49/59 kBProgress (1): 56/59 kBProgress (1): 57/59 kBProgress (1): 59 kB                      Downloaded from apache.snapshots: https://repository.apache.org/snapshots/org/apache/camel/camel-xslt/4.0.0-SNAPSHOT/camel-xslt-4.0.0-20230620.151904-154.jar (59 kB at 39 kB/s)
[INFO] 
[INFO] --- enforcer:3.3.0:enforce (enforce-java-version) @ camel-hashicorp-vault ---
[INFO] Rule 0: org.apache.maven.enforcer.rules.version.RequireJavaVersion passed
[INFO] 
[INFO] --- enforcer:3.3.0:enforce (enforce-maven) @ camel-hashicorp-vault ---
[INFO] Rule 0: org.apache.maven.enforcer.rules.version.RequireMavenVersion passed
[INFO] 
[INFO] --- build-helper:3.4.0:add-source (default) @ camel-hashicorp-vault ---
[INFO] Source directory: /home/cnaik/camel-pr/camel/components/camel-hashicorp-vault/src/generated/java added.
[INFO] 
[INFO] --- build-helper:3.4.0:add-resource (default) @ camel-hashicorp-vault ---
[INFO] 
[INFO] --- resources:3.3.1:resources (default-resources) @ camel-hashicorp-vault ---
[INFO] skip non existing resourceDirectory /home/cnaik/camel-pr/camel/components/camel-hashicorp-vault/src/main/resources
[INFO] Copying 7 resources from src/generated/resources to target/classes
[INFO] 
[INFO] --- flatten:1.5.0:flatten (default-cli) @ camel-hashicorp-vault ---
[INFO] Generating flattened POM of project org.apache.camel:camel-hashicorp-vault:jar:4.0.0-SNAPSHOT...
[INFO] 
[INFO] --- compiler:3.11.0:compile (default-compile) @ camel-hashicorp-vault ---
[INFO] Changes detected - recompiling the module! :dependency
[INFO] Compiling 10 source files with javac [forked debug deprecation release 17] to target/classes
[WARNING] Unable to autodetect 'javac' path, using 'javac' from the environment.
[INFO] 
[INFO] --- camel-package:4.0.0-SNAPSHOT:generate (generate) @ camel-hashicorp-vault ---
Downloading from apache.snapshots: https://repository.apache.org/snapshots/org/apache/camel/camel-tooling-util/4.0.0-SNAPSHOT/maven-metadata.xml
Progress (1): 1.2 kB                    Downloaded from apache.snapshots: https://repository.apache.org/snapshots/org/apache/camel/camel-tooling-util/4.0.0-SNAPSHOT/maven-metadata.xml (1.2 kB at 5.6 kB/s)
Downloading from apache.snapshots: https://repository.apache.org/snapshots/org/apache/camel/camel-tooling-util/4.0.0-SNAPSHOT/camel-tooling-util-4.0.0-20230620.151904-157.pom
Progress (1): 1.6 kB                    Downloaded from apache.snapshots: https://repository.apache.org/snapshots/org/apache/camel/camel-tooling-util/4.0.0-SNAPSHOT/camel-tooling-util-4.0.0-20230620.151904-157.pom (1.6 kB at 15 kB/s)
Downloading from apache.snapshots: https://repository.apache.org/snapshots/org/apache/camel/spi-annotations/4.0.0-SNAPSHOT/maven-metadata.xml
Progress (1): 1.2 kB                    Downloaded from apache.snapshots: https://repository.apache.org/snapshots/org/apache/camel/spi-annotations/4.0.0-SNAPSHOT/maven-metadata.xml (1.2 kB at 5.5 kB/s)
Downloading from apache.snapshots: https://repository.apache.org/snapshots/org/apache/camel/spi-annotations/4.0.0-SNAPSHOT/spi-annotations-4.0.0-20230620.151904-157.pom
Progress (1): 1.7 kB                    Downloaded from apache.snapshots: https://repository.apache.org/snapshots/org/apache/camel/spi-annotations/4.0.0-SNAPSHOT/spi-annotations-4.0.0-20230620.151904-157.pom (1.7 kB at 15 kB/s)
Downloading from apache.snapshots: https://repository.apache.org/snapshots/org/apache/camel/camel-tooling-util/4.0.0-SNAPSHOT/camel-tooling-util-4.0.0-20230620.151904-157.jar
Progress (1): 7.8/52 kBProgress (1): 8.2/52 kBProgress (1): 16/52 kB Progress (1): 24/52 kBProgress (1): 25/52 kBProgress (1): 33/52 kBProgress (1): 40/52 kBProgress (1): 41/52 kBProgress (1): 49/52 kBProgress (1): 52 kB                      Downloaded from apache.snapshots: https://repository.apache.org/snapshots/org/apache/camel/camel-tooling-util/4.0.0-SNAPSHOT/camel-tooling-util-4.0.0-20230620.151904-157.jar (52 kB at 163 kB/s)
Downloading from apache.snapshots: https://repository.apache.org/snapshots/org/apache/camel/spi-annotations/4.0.0-SNAPSHOT/spi-annotations-4.0.0-20230620.151904-157.jar
Progress (1): 7.8/20 kBProgress (1): 8.2/20 kBProgress (1): 16/20 kB Progress (1): 20 kB                      Downloaded from apache.snapshots: https://repository.apache.org/snapshots/org/apache/camel/spi-annotations/4.0.0-SNAPSHOT/spi-annotations-4.0.0-20230620.151904-157.jar (20 kB at 182 kB/s)
[INFO] No previous run data found, generating files.
[INFO] Building index...
[INFO] Generated components containing 1 Camel component: hashicorp-vault
[INFO] Validation complete
[INFO] 
[INFO] --- compiler:3.11.0:compile (recompile) @ camel-hashicorp-vault ---
[INFO] Changes detected - recompiling the module! :dependency
[INFO] Compiling 10 source files with javac [forked debug deprecation release 17] to target/classes
[WARNING] Unable to autodetect 'javac' path, using 'javac' from the environment.
[INFO] 
[INFO] --- resources:3.3.1:testResources (default-testResources) @ camel-hashicorp-vault ---
[INFO] Copying 1 resource from src/test/resources to target/test-classes
[INFO] 
[INFO] --- compiler:3.11.0:testCompile (default-testCompile) @ camel-hashicorp-vault ---
[INFO] Changes detected - recompiling the module! :dependency
[INFO] Compiling 9 source files with javac [forked debug deprecation release 17] to target/test-classes
[WARNING] Unable to autodetect 'javac' path, using 'javac' from the environment.
[INFO] 
[INFO] --- surefire:3.1.2:test (default-test) @ camel-hashicorp-vault ---
[INFO] 
[INFO] --- camel-package:4.0.0-SNAPSHOT:generate-postcompile (generate-postcompile) @ camel-hashicorp-vault ---
[INFO] Stale files detected, re-generating.
[INFO] Stale files detected, re-generating index.
[INFO] Building index...
[INFO] 
[INFO] --- jar:3.3.0:jar (default-jar) @ camel-hashicorp-vault ---
[INFO] Building jar: /home/cnaik/camel-pr/camel/components/camel-hashicorp-vault/target/camel-hashicorp-vault-4.0.0-SNAPSHOT.jar
[INFO] 
[INFO] --- failsafe:3.1.2:integration-test (integration-test) @ camel-hashicorp-vault ---
[INFO] Using auto detected provider org.apache.maven.surefire.junitplatform.JUnitPlatformProvider
[INFO] 
[INFO] -------------------------------------------------------
[INFO]  T E S T S
[INFO] -------------------------------------------------------
[INFO] Running org.apache.camel.component.hashicorp.vault.integration.HashicorpVaultPropertiesSourceNoEnvTestIT
[WARNING] Tests run: 21, Failures: 0, Errors: 0, Skipped: 21, Time elapsed: 0.029 s -- in org.apache.camel.component.hashicorp.vault.integration.HashicorpVaultPropertiesSourceNoEnvTestIT
[INFO] Running org.apache.camel.component.hashicorp.vault.integration.HashicorpVaultPropertiesSourceTestIT
[WARNING] Tests run: 21, Failures: 0, Errors: 0, Skipped: 21, Time elapsed: 0.563 s -- in org.apache.camel.component.hashicorp.vault.integration.HashicorpVaultPropertiesSourceTestIT
[INFO] Running org.apache.camel.component.hashicorp.vault.integration.operations.HashicorpProducerListSecretsIT
[INFO] Tests run: 1, Failures: 0, Errors: 0, Skipped: 0, Time elapsed: 1.949 s -- in org.apache.camel.component.hashicorp.vault.integration.operations.HashicorpProducerListSecretsIT
[INFO] Running org.apache.camel.component.hashicorp.vault.integration.operations.HashicorpProducerCreateMultiVersionSecretIT
[INFO] Tests run: 1, Failures: 0, Errors: 0, Skipped: 0, Time elapsed: 1.790 s -- in org.apache.camel.component.hashicorp.vault.integration.operations.HashicorpProducerCreateMultiVersionSecretIT
[INFO] Running org.apache.camel.component.hashicorp.vault.integration.operations.HashicorpProducerDeleteSecretIT
[INFO] Tests run: 1, Failures: 0, Errors: 0, Skipped: 0, Time elapsed: 2.558 s -- in org.apache.camel.component.hashicorp.vault.integration.operations.HashicorpProducerDeleteSecretIT
[INFO] Running org.apache.camel.component.hashicorp.vault.integration.operations.HashicorpProducerCreateSecretPOJOIT
[INFO] Tests run: 1, Failures: 0, Errors: 0, Skipped: 0, Time elapsed: 1.237 s -- in org.apache.camel.component.hashicorp.vault.integration.operations.HashicorpProducerCreateSecretPOJOIT
[INFO] Running org.apache.camel.component.hashicorp.vault.integration.operations.HashicorpProducerCreateSecretIT
[INFO] Tests run: 1, Failures: 0, Errors: 0, Skipped: 0, Time elapsed: 1.590 s -- in org.apache.camel.component.hashicorp.vault.integration.operations.HashicorpProducerCreateSecretIT
[INFO] Running org.apache.camel.component.hashicorp.vault.integration.operations.HashicorpProducerReadMultiVersionedSecretIT
[INFO] Tests run: 1, Failures: 0, Errors: 0, Skipped: 0, Time elapsed: 1.238 s -- in org.apache.camel.component.hashicorp.vault.integration.operations.HashicorpProducerReadMultiVersionedSecretIT
[INFO] 
[INFO] Results:
[INFO] 
[WARNING] Tests run: 48, Failures: 0, Errors: 0, Skipped: 42
[INFO] 
[INFO] 
[INFO] --- failsafe:3.1.2:verify (integration-test) @ camel-hashicorp-vault ---
[INFO] ------------------------------------------------------------------------
[INFO] BUILD SUCCESS
[INFO] ------------------------------------------------------------------------
[INFO] Total time:  46.254 s
[INFO] Finished at: 2023-06-21T09:54:19Z
[INFO] ------------------------------------------------------------------------
